#
# There is insufficient memory for the Java Runtime Environment to continue.
# Native memory allocation (malloc) failed to allocate 73400320 bytes for committing reserved memory.
# Possible reasons:
#   The system is out of physical RAM or swap space
#   In 32 bit mode, the process size limit was hit
# Possible solutions:
#   Reduce memory load on the system
#   Increase physical memory or swap space
#   Check if swap backing store is full
#   Use 64 bit Java on a 64 bit OS
#   Decrease Java heap size (-Xmx/-Xms)
#   Decrease number of Java threads
#   Decrease Java thread stack sizes (-Xss)
#   Set larger code cache with -XX:ReservedCodeCacheSize=
# This output file may be truncated or incomplete.
#
#  Out of Memory Error (os_linux.cpp:2827), pid=11610, tid=140472280774400
#
# JRE version: OpenJDK Runtime Environment (7.0_91-b02) (build 1.7.0_91-b02)
# Java VM: OpenJDK 64-Bit Server VM (24.91-b01 mixed mode linux-amd64 compressed oops)
# Derivative: IcedTea 2.6.3
# Distribution: Ubuntu 15.04, package 7u91-2.6.3-0ubuntu0.15.04.1
# Failed to write core dump. Core dumps have been disabled. To enable core dumping, try "ulimit -c unlimited" before starting Java again
#

---------------  T H R E A D  ---------------

Current thread (0x00007fc258076000):  VMThread [stack: 0x00007fc240557000,0x00007fc240658000] [id=11642]

Stack: [0x00007fc240557000,0x00007fc240658000],  sp=0x00007fc2406564e0,  free space=1021k
Native frames: (J=compiled Java code, j=interpreted, Vv=VM code, C=native code)
V  [libjvm.so+0x991aa6]  VMError::report_and_die()+0x186
V  [libjvm.so+0x4934c2]  report_vm_out_of_memory(char const*, int, unsigned long, char const*)+0x92
V  [libjvm.so+0x80371b]  os::pd_commit_memory(char*, unsigned long, unsigned long, bool)+0xeb
V  [libjvm.so+0x7fddfe]  os::commit_memory(char*, unsigned long, unsigned long, bool)+0x2e
V  [libjvm.so+0x871c0b]  PSVirtualSpace::expand_by(unsigned long)+0x5b
V  [libjvm.so+0x872ac3]  PSYoungGen::resize_generation(unsigned long, unsigned long)+0xd3
V  [libjvm.so+0x8731db]  PSYoungGen::resize(unsigned long, unsigned long)+0x1b
V  [libjvm.so+0x86eb41]  PSScavenge::invoke_no_policy()+0xd51
V  [libjvm.so+0x86f3b8]  PSScavenge::invoke()+0x38
V  [libjvm.so+0x826a73]  ParallelScavengeHeap::failed_mem_allocate(unsigned long)+0x63
V  [libjvm.so+0x993372]  VM_ParallelGCFailedAllocation::doit()+0x92
V  [libjvm.so+0x9977f7]  VM_Operation::evaluate()+0x47
V  [libjvm.so+0x995f6b]  VMThread::evaluate_operation(VM_Operation*)+0xab
V  [libjvm.so+0x996616]  VMThread::loop()+0x1e6
V  [libjvm.so+0x996ae1]  VMThread::run()+0x81
V  [libjvm.so+0x800642]  java_start(Thread*)+0xf2

VM_Operation (0x00007fc231c53fd0): ParallelGCFailedAllocation, mode: safepoint, requested by thread 0x00007fc2581a8000


---------------  P R O C E S S  ---------------

Java Threads: ( => current thread )
  0x00007fc2581b0800 JavaThread "pool-1-thread-4" [_thread_blocked, id=11675, stack(0x00007fc231751000,0x00007fc231852000)]
  0x00007fc2581ae800 JavaThread "pool-1-thread-3" [_thread_blocked, id=11674, stack(0x00007fc231852000,0x00007fc231953000)]
  0x00007fc2581ad800 JavaThread "pool-1-thread-2" [_thread_blocked, id=11673, stack(0x00007fc231953000,0x00007fc231a54000)]
  0x00007fc2581aa000 JavaThread "pool-2-thread-1" [_thread_blocked, id=11672, stack(0x00007fc231a54000,0x00007fc231b55000)]
  0x00007fc2581a8000 JavaThread "pool-1-thread-1" [_thread_blocked, id=11671, stack(0x00007fc231b55000,0x00007fc231c56000)]
  0x00007fc2580af000 JavaThread "Service Thread" daemon [_thread_blocked, id=11659, stack(0x00007fc23381d000,0x00007fc23391e000)]
  0x00007fc2580ac800 JavaThread "C2 CompilerThread1" daemon [_thread_blocked, id=11658, stack(0x00007fc240052000,0x00007fc240153000)]
  0x00007fc2580a9800 JavaThread "C2 CompilerThread0" daemon [_thread_blocked, id=11657, stack(0x00007fc240153000,0x00007fc240254000)]
  0x00007fc2580a7800 JavaThread "Signal Dispatcher" daemon [_thread_blocked, id=11656, stack(0x00007fc240254000,0x00007fc240355000)]
  0x00007fc25807c800 JavaThread "Finalizer" daemon [_thread_blocked, id=11648, stack(0x00007fc240355000,0x00007fc240456000)]
  0x00007fc25807a800 JavaThread "Reference Handler" daemon [_thread_blocked, id=11645, stack(0x00007fc240456000,0x00007fc240557000)]
  0x00007fc25800a800 JavaThread "main" [_thread_blocked, id=11628, stack(0x00007fc25ecc7000,0x00007fc25edc8000)]

Other Threads:
=>0x00007fc258076000 VMThread [stack: 0x00007fc240557000,0x00007fc240658000] [id=11642]
  0x00007fc2580ba000 WatcherThread [stack: 0x00007fc23371c000,0x00007fc23381d000] [id=11662]

VM state:at safepoint (normal execution)

VM Mutex/Monitor currently owned by a thread:  ([mutex/lock_event])
[0x00007fc2580069f0] Threads_lock - owner thread: 0x00007fc258076000
[0x00007fc258006ef0] Heap_lock - owner thread: 0x00007fc2581a8000

Heap
 PSYoungGen      total 72704K, used 10226K [0x00000000eaa80000, 0x00000000efc80000, 0x0000000100000000)
  eden space 62464K, 0% used [0x00000000eaa80000,0x00000000eaa80000,0x00000000ee780000)
  from space 10240K, 99% used [0x00000000ee780000,0x00000000ef17cbc0,0x00000000ef180000)
  to   space 9216K, 0% used [0x00000000ef180000,0x00000000ef180000,0x00000000efa80000)
 ParOldGen       total 40960K, used 19807K [0x00000000c0000000, 0x00000000c2800000, 0x00000000eaa80000)
  object space 40960K, 48% used [0x00000000c0000000,0x00000000c1357e78,0x00000000c2800000)
 PSPermGen       total 21504K, used 6274K [0x00000000b5a00000, 0x00000000b6f00000, 0x00000000c0000000)
  object space 21504K, 29% used [0x00000000b5a00000,0x00000000b6020850,0x00000000b6f00000)

Card table byte_map: [0x00007fc254570000,0x00007fc2547c4000] byte_map_base: 0x00007fc253fc3000

Polling page: 0x00007fc25ede6000

Code Cache  [0x00007fc2547c4000, 0x00007fc254a34000, 0x00007fc2577c4000)
 total_blobs=503 nmethods=270 adapters=184 free_code_cache=47996Kb largest_free_block=49121920

Compilation events (10 events):
Event: 11.083 Thread 0x00007fc2580a9800 nmethod 269 0x00007fc2548add90 code [0x00007fc2548adee0, 0x00007fc2548ae0b8]
Event: 11.084 Thread 0x00007fc2580a9800  270             com.android.dx.ssa.SsaBasicBlock::forEachPhiInsn (54 bytes)
Event: 11.116 Thread 0x00007fc2580a9800 nmethod 270 0x00007fc2548de890 code [0x00007fc2548deac0, 0x00007fc2548df3b0]
Event: 11.116 Thread 0x00007fc2580a9800  271             com.android.dx.rop.cst.CstNat::getName (5 bytes)
Event: 11.116 Thread 0x00007fc2580a9800 nmethod 271 0x00007fc2548aaed0 code [0x00007fc2548ab000, 0x00007fc2548ab058]
Event: 11.116 Thread 0x00007fc2580a9800  272   !         com.android.dx.rop.type.Type::intern (319 bytes)
Event: 11.166 Thread 0x00007fc2580a9800 nmethod 272 0x00007fc2548dcc10 code [0x00007fc2548dce40, 0x00007fc2548dde40]
Event: 11.166 Thread 0x00007fc2580a9800  273             com.android.dx.rop.cst.CstBaseMethodRef::compareTo0 (29 bytes)
Event: 11.178 Thread 0x00007fc2580a9800 nmethod 273 0x00007fc2548ab290 code [0x00007fc2548ab460, 0x00007fc2548abdf8]
Event: 11.178 Thread 0x00007fc2580a9800  274   !         com.android.dx.cf.code.Ropper::processBlock (1101 bytes)

GC Heap History (10 events):
Event: 5.591 GC heap after
Heap after GC invocations=2 (full 0):
 PSYoungGen      total 18432K, used 2551K [0x00000000eaa80000, 0x00000000ece80000, 0x0000000100000000)
  eden space 15872K, 0% used [0x00000000eaa80000,0x00000000eaa80000,0x00000000eba00000)
  from space 2560K, 99% used [0x00000000ebc80000,0x00000000ebefdf28,0x00000000ebf00000)
  to   space 2560K, 0% used [0x00000000eba00000,0x00000000eba00000,0x00000000ebc80000)
 ParOldGen       total 40960K, used 2507K [0x00000000c0000000, 0x00000000c2800000, 0x00000000eaa80000)
  object space 40960K, 6% used [0x00000000c0000000,0x00000000c0272f78,0x00000000c2800000)
 PSPermGen       total 21504K, used 5988K [0x00000000b5a00000, 0x00000000b6f00000, 0x00000000c0000000)
  object space 21504K, 27% used [0x00000000b5a00000,0x00000000b5fd9138,0x00000000b6f00000)
}
Event: 6.343 GC heap before
{Heap before GC invocations=3 (full 0):
 PSYoungGen      total 18432K, used 18423K [0x00000000eaa80000, 0x00000000ece80000, 0x0000000100000000)
  eden space 15872K, 100% used [0x00000000eaa80000,0x00000000eba00000,0x00000000eba00000)
  from space 2560K, 99% used [0x00000000ebc80000,0x00000000ebefdf28,0x00000000ebf00000)
  to   space 2560K, 0% used [0x00000000eba00000,0x00000000eba00000,0x00000000ebc80000)
 ParOldGen       total 40960K, used 2507K [0x00000000c0000000, 0x00000000c2800000, 0x00000000eaa80000)
  object space 40960K, 6% used [0x00000000c0000000,0x00000000c0272f78,0x00000000c2800000)
 PSPermGen       total 21504K, used 6131K [0x00000000b5a00000, 0x00000000b6f00000, 0x00000000c0000000)
  object space 21504K, 28% used [0x00000000b5a00000,0x00000000b5ffccc8,0x00000000b6f00000)
Event: 6.368 GC heap after
Heap after GC invocations=3 (full 0):
 PSYoungGen      total 18432K, used 2553K [0x00000000eaa80000, 0x00000000ece80000, 0x0000000100000000)
  eden space 15872K, 0% used [0x00000000eaa80000,0x00000000eaa80000,0x00000000eba00000)
  from space 2560K, 99% used [0x00000000eba00000,0x00000000ebc7e6b8,0x00000000ebc80000)
  to   space 2560K, 0% used [0x00000000ecc00000,0x00000000ecc00000,0x00000000ece80000)
 ParOldGen       total 40960K, used 5423K [0x00000000c0000000, 0x00000000c2800000, 0x00000000eaa80000)
  object space 40960K, 13% used [0x00000000c0000000,0x00000000c054bc08,0x00000000c2800000)
 PSPermGen       total 21504K, used 6131K [0x00000000b5a00000, 0x00000000b6f00000, 0x00000000c0000000)
  object space 21504K, 28% used [0x00000000b5a00000,0x00000000b5ffccc8,0x00000000b6f00000)
}
Event: 7.059 GC heap before
{Heap before GC invocations=4 (full 0):
 PSYoungGen      total 18432K, used 18425K [0x00000000eaa80000, 0x00000000ece80000, 0x0000000100000000)
  eden space 15872K, 100% used [0x00000000eaa80000,0x00000000eba00000,0x00000000eba00000)
  from space 2560K, 99% used [0x00000000eba00000,0x00000000ebc7e6b8,0x00000000ebc80000)
  to   space 2560K, 0% used [0x00000000ecc00000,0x00000000ecc00000,0x00000000ece80000)
 ParOldGen       total 40960K, used 5423K [0x00000000c0000000, 0x00000000c2800000, 0x00000000eaa80000)
  object space 40960K, 13% used [0x00000000c0000000,0x00000000c054bc08,0x00000000c2800000)
 PSPermGen       total 21504K, used 6169K [0x00000000b5a00000, 0x00000000b6f00000, 0x00000000c0000000)
  object space 21504K, 28% used [0x00000000b5a00000,0x00000000b6006540,0x00000000b6f00000)
Event: 7.086 GC heap after
Heap after GC invocations=4 (full 0):
 PSYoungGen      total 34304K, used 2551K [0x00000000eaa80000, 0x00000000ece80000, 0x0000000100000000)
  eden space 31744K, 0% used [0x00000000eaa80000,0x00000000eaa80000,0x00000000ec980000)
  from space 2560K, 99% used [0x00000000ecc00000,0x00000000ece7df08,0x00000000ece80000)
  to   space 2560K, 0% used [0x00000000ec980000,0x00000000ec980000,0x00000000ecc00000)
 ParOldGen       total 40960K, used 8065K [0x00000000c0000000, 0x00000000c2800000, 0x00000000eaa80000)
  object space 40960K, 19% used [0x00000000c0000000,0x00000000c07e04f8,0x00000000c2800000)
 PSPermGen       total 21504K, used 6169K [0x00000000b5a00000, 0x00000000b6f00000, 0x00000000c0000000)
  object space 21504K, 28% used [0x00000000b5a00000,0x00000000b6006540,0x00000000b6f00000)
}
Event: 8.372 GC heap before
{Heap before GC invocations=5 (full 0):
 PSYoungGen      total 34304K, used 34295K [0x00000000eaa80000, 0x00000000ece80000, 0x0000000100000000)
  eden space 31744K, 100% used [0x00000000eaa80000,0x00000000ec980000,0x00000000ec980000)
  from space 2560K, 99% used [0x00000000ecc00000,0x00000000ece7df08,0x00000000ece80000)
  to   space 2560K, 0% used [0x00000000ec980000,0x00000000ec980000,0x00000000ecc00000)
 ParOldGen       total 40960K, used 8065K [0x00000000c0000000, 0x00000000c2800000, 0x00000000eaa80000)
  object space 40960K, 19% used [0x00000000c0000000,0x00000000c07e04f8,0x00000000c2800000)
 PSPermGen       total 21504K, used 6201K [0x00000000b5a00000, 0x00000000b6f00000, 0x00000000c0000000)
  object space 21504K, 28% used [0x00000000b5a00000,0x00000000b600e7d8,0x00000000b6f00000)
Event: 8.415 GC heap after
Heap after GC invocations=5 (full 0):
 PSYoungGen      total 34304K, used 2535K [0x00000000eaa80000, 0x00000000efa80000, 0x0000000100000000)
  eden space 31744K, 0% used [0x00000000eaa80000,0x00000000eaa80000,0x00000000ec980000)
  from space 2560K, 99% used [0x00000000ec980000,0x00000000ecbf9ef8,0x00000000ecc00000)
  to   space 9216K, 0% used [0x00000000ef180000,0x00000000ef180000,0x00000000efa80000)
 ParOldGen       total 40960K, used 12903K [0x00000000c0000000, 0x00000000c2800000, 0x00000000eaa80000)
  object space 40960K, 31% used [0x00000000c0000000,0x00000000c0c99c90,0x00000000c2800000)
 PSPermGen       total 21504K, used 6201K [0x00000000b5a00000, 0x00000000b6f00000, 0x00000000c0000000)
  object space 21504K, 28% used [0x00000000b5a00000,0x00000000b600e7d8,0x00000000b6f00000)
}
Event: 9.686 GC heap before
{Heap before GC invocations=6 (full 0):
 PSYoungGen      total 34304K, used 34279K [0x00000000eaa80000, 0x00000000efa80000, 0x0000000100000000)
  eden space 31744K, 100% used [0x00000000eaa80000,0x00000000ec980000,0x00000000ec980000)
  from space 2560K, 99% used [0x00000000ec980000,0x00000000ecbf9ef8,0x00000000ecc00000)
  to   space 9216K, 0% used [0x00000000ef180000,0x00000000ef180000,0x00000000efa80000)
 ParOldGen       total 40960K, used 12903K [0x00000000c0000000, 0x00000000c2800000, 0x00000000eaa80000)
  object space 40960K, 31% used [0x00000000c0000000,0x00000000c0c99c90,0x00000000c2800000)
 PSPermGen       total 21504K, used 6219K [0x00000000b5a00000, 0x00000000b6f00000, 0x00000000c0000000)
  object space 21504K, 28% used [0x00000000b5a00000,0x00000000b6012fd8,0x00000000b6f00000)
Event: 9.772 GC heap after
Heap after GC invocations=6 (full 0):
 PSYoungGen      total 71680K, used 7815K [0x00000000eaa80000, 0x00000000efc80000, 0x0000000100000000)
  eden space 62464K, 0% used [0x00000000eaa80000,0x00000000eaa80000,0x00000000ee780000)
  from space 9216K, 84% used [0x00000000ef180000,0x00000000ef921ef8,0x00000000efa80000)
  to   space 10240K, 0% used [0x00000000ee780000,0x00000000ee780000,0x00000000ef180000)
 ParOldGen       total 40960K, used 12903K [0x00000000c0000000, 0x00000000c2800000, 0x00000000eaa80000)
  object space 40960K, 31% used [0x00000000c0000000,0x00000000c0c99c90,0x00000000c2800000)
 PSPermGen       total 21504K, used 6219K [0x00000000b5a00000, 0x00000000b6f00000, 0x00000000c0000000)
  object space 21504K, 28% used [0x00000000b5a00000,0x00000000b6012fd8,0x00000000b6f00000)
}
Event: 12.229 GC heap before
{Heap before GC invocations=7 (full 0):
 PSYoungGen      total 71680K, used 70279K [0x00000000eaa80000, 0x00000000efc80000, 0x0000000100000000)
  eden space 62464K, 100% used [0x00000000eaa80000,0x00000000ee780000,0x00000000ee780000)
  from space 9216K, 84% used [0x00000000ef180000,0x00000000ef921ef8,0x00000000efa80000)
  to   space 10240K, 0% used [0x00000000ee780000,0x00000000ee780000,0x00000000ef180000)
 ParOldGen       total 40960K, used 12903K [0x00000000c0000000, 0x00000000c2800000, 0x00000000eaa80000)
  object space 40960K, 31% used [0x00000000c0000000,0x00000000c0c99c90,0x00000000c2800000)
 PSPermGen       total 21504K, used 6274K [0x00000000b5a00000, 0x00000000b6f00000, 0x00000000c0000000)
  object space 21504K, 29% used [0x00000000b5a00000,0x00000000b6020850,0x00000000b6f00000)

Deoptimization events (10 events):
Event: 7.541 Thread 0x00007fc2581ad800 Uncommon trap: reason=unstable_if action=reinterpret pc=0x00007fc254851288 method=com.android.dx.rop.code.RegisterSpec.equals(ILcom/android/dx/rop/type/TypeBearer;Lcom/android/dx/rop/code/LocalItem;)Z @ 42
Event: 7.841 Thread 0x00007fc2581a8000 Uncommon trap: reason=class_check action=maybe_recompile pc=0x00007fc25486f7e4 method=java.util.HashMap.put(Ljava/lang/Object;Ljava/lang/Object;)Ljava/lang/Object; @ 83
Event: 7.841 Thread 0x00007fc2581a8000 Uncommon trap: reason=class_check action=maybe_recompile pc=0x00007fc25486f7e4 method=java.util.HashMap.put(Ljava/lang/Object;Ljava/lang/Object;)Ljava/lang/Object; @ 83
Event: 7.841 Thread 0x00007fc2581a8000 Uncommon trap: reason=class_check action=maybe_recompile pc=0x00007fc25486f7e4 method=java.util.HashMap.put(Ljava/lang/Object;Ljava/lang/Object;)Ljava/lang/Object; @ 83
Event: 7.841 Thread 0x00007fc2581a8000 Uncommon trap: reason=class_check action=maybe_recompile pc=0x00007fc25486f7e4 method=java.util.HashMap.put(Ljava/lang/Object;Ljava/lang/Object;)Ljava/lang/Object; @ 83
Event: 8.899 Thread 0x00007fc2581ae800 Uncommon trap: reason=unstable_if action=reinterpret pc=0x00007fc254889bb4 method=com.android.dx.util.IntList.binarysearch(I)I @ 105
Event: 10.022 Thread 0x00007fc2581b0800 Uncommon trap: reason=unstable_if action=reinterpret pc=0x00007fc25488ca28 method=com.android.dx.ssa.LocalVariableExtractor.processBlock(I)V @ 251
Event: 10.171 Thread 0x00007fc25800a800 Uncommon trap: reason=unstable_if action=reinterpret pc=0x00007fc254862ff4 method=com.android.dx.util.IntList.binarysearch(I)I @ 105
Event: 11.273 Thread 0x00007fc25800a800 Uncommon trap: reason=unloaded action=reinterpret pc=0x00007fc2548d71d0 method=com.android.dx.cf.cst.ConstantPoolParser.parse0(ILjava/util/BitSet;)Lcom/android/dx/rop/cst/Constant; @ 220
Event: 11.437 Thread 0x00007fc2581ad800 Uncommon trap: reason=unstable_if action=reinterpret pc=0x00007fc2548b2cac method=com.android.dx.ssa.SCCP.simulateBranch(Lcom/android/dx/ssa/SsaInsn;)V @ 548

Internal exceptions (10 events):
Event: 4.886 Thread 0x00007fc25800a800 Threw 0x00000000eb1d42a8 at /build/openjdk-7-1hyu6m/openjdk-7-7u91-2.6.3/build/openjdk/hotspot/src/share/vm/prims/jvm.cpp:1322
Event: 4.886 Thread 0x00007fc25800a800 Threw 0x00000000eb1d6df8 at /build/openjdk-7-1hyu6m/openjdk-7-7u91-2.6.3/build/openjdk/hotspot/src/share/vm/prims/jvm.cpp:1322
Event: 4.998 Thread 0x00007fc2581b0800 Threw 0x00000000eb440098 at /build/openjdk-7-1hyu6m/openjdk-7-7u91-2.6.3/build/openjdk/hotspot/src/share/vm/prims/jvm.cpp:1322
Event: 5.208 Thread 0x00007fc2581ad800 Threw 0x00000000eb5e6828 at /build/openjdk-7-1hyu6m/openjdk-7-7u91-2.6.3/build/openjdk/hotspot/src/share/vm/prims/jvm.cpp:1322
Event: 5.502 Thread 0x00007fc2581a8000 Threw 0x00000000eb9d0f98 at /build/openjdk-7-1hyu6m/openjdk-7-7u91-2.6.3/build/openjdk/hotspot/src/share/vm/prims/jvm.cpp:1322
Event: 5.913 Thread 0x00007fc25800a800 Implicit null exception at 0x00007fc254869857 to 0x00007fc254869f3d
Event: 6.210 Thread 0x00007fc25800a800 Threw 0x00000000eb684240 at /build/openjdk-7-1hyu6m/openjdk-7-7u91-2.6.3/build/openjdk/hotspot/src/share/vm/prims/jvm.cpp:1322
Event: 6.291 Thread 0x00007fc25800a800 Threw 0x00000000eb8804a0 at /build/openjdk-7-1hyu6m/openjdk-7-7u91-2.6.3/build/openjdk/hotspot/src/share/vm/prims/jvm.cpp:1322
Event: 8.211 Thread 0x00007fc2581a8000 Threw 0x00000000ec6b3d28 at /build/openjdk-7-1hyu6m/openjdk-7-7u91-2.6.3/build/openjdk/hotspot/src/share/vm/prims/jvm.cpp:1322
Event: 12.157 Thread 0x00007fc25800a800 Threw 0x00000000ee42b8d0 at /build/openjdk-7-1hyu6m/openjdk-7-7u91-2.6.3/build/openjdk/hotspot/src/share/vm/prims/jvm.cpp:1322

Events (10 events):
Event: 10.171 Thread 0x00007fc25800a800 DEOPT UNPACKING pc=0x00007fc2547fd445 sp=0x00007fc25edc59e8 mode 2
Event: 11.273 Thread 0x00007fc25800a800 Uncommon trap: trap_request=0x000000d2 fr.pc=0x00007fc2548d71d0
Event: 11.273 Thread 0x00007fc25800a800 DEOPT PACKING pc=0x00007fc2548d71d0 sp=0x00007fc25edc5f70
Event: 11.273 Thread 0x00007fc25800a800 DEOPT UNPACKING pc=0x00007fc2547fd445 sp=0x00007fc25edc5f38 mode 2
Event: 11.437 Thread 0x00007fc2581ad800 Uncommon trap: trap_request=0xffffff75 fr.pc=0x00007fc2548b2cac
Event: 11.437 Thread 0x00007fc2581ad800 DEOPT PACKING pc=0x00007fc2548b2cac sp=0x00007fc231a520a0
Event: 11.437 Thread 0x00007fc2581ad800 DEOPT UNPACKING pc=0x00007fc2547fd445 sp=0x00007fc231a52078 mode 2
Event: 12.157 loading class 0x00007fc258113a00
Event: 12.157 loading class 0x00007fc258113a00 done
Event: 12.223 Executing VM operation: ParallelGCFailedAllocation


Dynamic libraries:
00400000-00401000 r-xp 00000000 08:04 6572793                            /usr/lib/jvm/java-7-openjdk-amd64/jre/bin/java
00600000-00601000 r--p 00000000 08:04 6572793                            /usr/lib/jvm/java-7-openjdk-amd64/jre/bin/java
00601000-00602000 rw-p 00001000 08:04 6572793                            /usr/lib/jvm/java-7-openjdk-amd64/jre/bin/java
0141c000-0143d000 rw-p 00000000 00:00 0                                  [heap]
b5a00000-b6f00000 rw-p 00000000 00:00 0 
b6f00000-c0000000 rw-p 00000000 00:00 0 
c0000000-c2800000 rw-p 00000000 00:00 0 
c2800000-eaa80000 rw-p 00000000 00:00 0 
eaa80000-efc80000 rw-p 00000000 00:00 0 
f4280000-100000000 rw-p 00000000 00:00 0 
7fc204000000-7fc204021000 rw-p 00000000 00:00 0 
7fc204021000-7fc208000000 ---p 00000000 00:00 0 
7fc20c000000-7fc20c021000 rw-p 00000000 00:00 0 
7fc20c021000-7fc210000000 ---p 00000000 00:00 0 
7fc210000000-7fc210021000 rw-p 00000000 00:00 0 
7fc210021000-7fc214000000 ---p 00000000 00:00 0 
7fc214000000-7fc21405b000 rw-p 00000000 00:00 0 
7fc21405b000-7fc218000000 ---p 00000000 00:00 0 
7fc218000000-7fc218021000 rw-p 00000000 00:00 0 
7fc218021000-7fc21c000000 ---p 00000000 00:00 0 
7fc21c000000-7fc21c021000 rw-p 00000000 00:00 0 
7fc21c021000-7fc220000000 ---p 00000000 00:00 0 
7fc220000000-7fc220021000 rw-p 00000000 00:00 0 
7fc220021000-7fc224000000 ---p 00000000 00:00 0 
7fc224000000-7fc225800000 rw-p 00000000 00:00 0 
7fc225800000-7fc228000000 ---p 00000000 00:00 0 
7fc228000000-7fc22922e000 rw-p 00000000 00:00 0 
7fc22922e000-7fc22c000000 ---p 00000000 00:00 0 
7fc22c000000-7fc22c021000 rw-p 00000000 00:00 0 
7fc22c021000-7fc230000000 ---p 00000000 00:00 0 
7fc231751000-7fc231754000 ---p 00000000 00:00 0 
7fc231754000-7fc231852000 rw-p 00000000 00:00 0                          [stack:11675]
7fc231852000-7fc231855000 ---p 00000000 00:00 0 
7fc231855000-7fc231953000 rw-p 00000000 00:00 0                          [stack:11674]
7fc231953000-7fc231956000 ---p 00000000 00:00 0 
7fc231956000-7fc231a54000 rw-p 00000000 00:00 0                          [stack:11673]
7fc231a54000-7fc231a57000 ---p 00000000 00:00 0 
7fc231a57000-7fc231b55000 rw-p 00000000 00:00 0                          [stack:11672]
7fc231b55000-7fc231b58000 ---p 00000000 00:00 0 
7fc231b58000-7fc231f57000 rw-p 00000000 00:00 0                          [stack:11671]
7fc231f57000-7fc231fc3000 r-xp 00000000 08:04 7358677                    /lib/x86_64-linux-gnu/libpcre.so.3.13.1
7fc231fc3000-7fc2321c2000 ---p 0006c000 08:04 7358677                    /lib/x86_64-linux-gnu/libpcre.so.3.13.1
7fc2321c2000-7fc2321c3000 r--p 0006b000 08:04 7358677                    /lib/x86_64-linux-gnu/libpcre.so.3.13.1
7fc2321c3000-7fc2321c4000 rw-p 0006c000 08:04 7358677                    /lib/x86_64-linux-gnu/libpcre.so.3.13.1
7fc2321c4000-7fc2321cb000 r-xp 00000000 08:04 6574895                    /usr/lib/x86_64-linux-gnu/libffi.so.6.0.4
7fc2321cb000-7fc2323ca000 ---p 00007000 08:04 6574895                    /usr/lib/x86_64-linux-gnu/libffi.so.6.0.4
7fc2323ca000-7fc2323cb000 r--p 00006000 08:04 6574895                    /usr/lib/x86_64-linux-gnu/libffi.so.6.0.4
7fc2323cb000-7fc2323cc000 rw-p 00007000 08:04 6574895                    /usr/lib/x86_64-linux-gnu/libffi.so.6.0.4
7fc2323cc000-7fc2323e3000 r-xp 00000000 08:04 7358752                    /lib/x86_64-linux-gnu/libresolv-2.21.so
7fc2323e3000-7fc2325e3000 ---p 00017000 08:04 7358752                    /lib/x86_64-linux-gnu/libresolv-2.21.so
7fc2325e3000-7fc2325e5000 r--p 00017000 08:04 7358752                    /lib/x86_64-linux-gnu/libresolv-2.21.so
7fc2325e5000-7fc2325e6000 rw-p 00019000 08:04 7358752                    /lib/x86_64-linux-gnu/libresolv-2.21.so
7fc2325e6000-7fc2325e8000 rw-p 00000000 00:00 0 
7fc2325e8000-7fc232609000 r-xp 00000000 08:04 7358756                    /lib/x86_64-linux-gnu/libselinux.so.1
7fc232609000-7fc232808000 ---p 00021000 08:04 7358756                    /lib/x86_64-linux-gnu/libselinux.so.1
7fc232808000-7fc232809000 r--p 00020000 08:04 7358756                    /lib/x86_64-linux-gnu/libselinux.so.1
7fc232809000-7fc23280a000 rw-p 00021000 08:04 7358756                    /lib/x86_64-linux-gnu/libselinux.so.1
7fc23280a000-7fc23280c000 rw-p 00000000 00:00 0 
7fc23280c000-7fc23280f000 r-xp 00000000 08:04 6566823                    /usr/lib/x86_64-linux-gnu/libgmodule-2.0.so.0.4400.1
7fc23280f000-7fc232a0e000 ---p 00003000 08:04 6566823                    /usr/lib/x86_64-linux-gnu/libgmodule-2.0.so.0.4400.1
7fc232a0e000-7fc232a0f000 r--p 00002000 08:04 6566823                    /usr/lib/x86_64-linux-gnu/libgmodule-2.0.so.0.4400.1
7fc232a0f000-7fc232a10000 rw-p 00003000 08:04 6566823                    /usr/lib/x86_64-linux-gnu/libgmodule-2.0.so.0.4400.1
7fc232a10000-7fc232b1d000 r-xp 00000000 08:04 7358517                    /lib/x86_64-linux-gnu/libglib-2.0.so.0.4400.1
7fc232b1d000-7fc232d1c000 ---p 0010d000 08:04 7358517                    /lib/x86_64-linux-gnu/libglib-2.0.so.0.4400.1
7fc232d1c000-7fc232d1d000 r--p 0010c000 08:04 7358517                    /lib/x86_64-linux-gnu/libglib-2.0.so.0.4400.1
7fc232d1d000-7fc232d1e000 rw-p 0010d000 08:04 7358517                    /lib/x86_64-linux-gnu/libglib-2.0.so.0.4400.1
7fc232d1e000-7fc232d1f000 rw-p 00000000 00:00 0 
7fc232d1f000-7fc232d6f000 r-xp 00000000 08:04 6566783                    /usr/lib/x86_64-linux-gnu/libgobject-2.0.so.0.4400.1
7fc232d6f000-7fc232f6f000 ---p 00050000 08:04 6566783                    /usr/lib/x86_64-linux-gnu/libgobject-2.0.so.0.4400.1
7fc232f6f000-7fc232f70000 r--p 00050000 08:04 6566783                    /usr/lib/x86_64-linux-gnu/libgobject-2.0.so.0.4400.1
7fc232f70000-7fc232f71000 rw-p 00051000 08:04 6566783                    /usr/lib/x86_64-linux-gnu/libgobject-2.0.so.0.4400.1
7fc232f71000-7fc2330e9000 r-xp 00000000 08:04 6566805                    /usr/lib/x86_64-linux-gnu/libgio-2.0.so.0.4400.1
7fc2330e9000-7fc2332e9000 ---p 00178000 08:04 6566805                    /usr/lib/x86_64-linux-gnu/libgio-2.0.so.0.4400.1
7fc2332e9000-7fc2332ed000 r--p 00178000 08:04 6566805                    /usr/lib/x86_64-linux-gnu/libgio-2.0.so.0.4400.1
7fc2332ed000-7fc2332ef000 rw-p 0017c000 08:04 6566805                    /usr/lib/x86_64-linux-gnu/libgio-2.0.so.0.4400.1
7fc2332ef000-7fc2332f1000 rw-p 00000000 00:00 0 
7fc2332f1000-7fc233309000 r-xp 00000000 08:04 6572848                    /usr/lib/jvm/java-7-openjdk-amd64/jre/lib/amd64/libnet.so
7fc233309000-7fc233508000 ---p 00018000 08:04 6572848                    /usr/lib/jvm/java-7-openjdk-amd64/jre/lib/amd64/libnet.so
7fc233508000-7fc233509000 r--p 00017000 08:04 6572848                    /usr/lib/jvm/java-7-openjdk-amd64/jre/lib/amd64/libnet.so
7fc233509000-7fc23350a000 rw-p 00018000 08:04 6572848                    /usr/lib/jvm/java-7-openjdk-amd64/jre/lib/amd64/libnet.so
7fc23350a000-7fc23351b000 r-xp 00000000 08:04 6572818                    /usr/lib/jvm/java-7-openjdk-amd64/jre/lib/amd64/libnio.so
7fc23351b000-7fc23371a000 ---p 00011000 08:04 6572818                    /usr/lib/jvm/java-7-openjdk-amd64/jre/lib/amd64/libnio.so
7fc23371a000-7fc23371b000 r--p 00010000 08:04 6572818                    /usr/lib/jvm/java-7-openjdk-amd64/jre/lib/amd64/libnio.so
7fc23371b000-7fc23371c000 rw-p 00011000 08:04 6572818                    /usr/lib/jvm/java-7-openjdk-amd64/jre/lib/amd64/libnio.so
7fc23371c000-7fc23371d000 ---p 00000000 00:00 0 
7fc23371d000-7fc23381d000 rw-p 00000000 00:00 0                          [stack:11662]
7fc23381d000-7fc233820000 ---p 00000000 00:00 0 
7fc233820000-7fc23391e000 rw-p 00000000 00:00 0                          [stack:11659]
7fc23391e000-7fc234000000 r--p 00000000 08:04 6573633                    /usr/lib/locale/locale-archive
7fc234000000-7fc234021000 rw-p 00000000 00:00 0 
7fc234021000-7fc238000000 ---p 00000000 00:00 0 
7fc238000000-7fc238021000 rw-p 00000000 00:00 0 
7fc238021000-7fc23c000000 ---p 00000000 00:00 0 
7fc23c000000-7fc23c240000 rw-p 00000000 00:00 0 
7fc23c240000-7fc240000000 ---p 00000000 00:00 0 
7fc240040000-7fc240052000 r--s 000c6000 08:04 16678683                   /home/shubhanshu/AndroidStudioProjects/MyApplication7/app/build/intermediates/exploded-aar/com.android.support/support-v4/22.2.1/jars/classes.jar
7fc240052000-7fc240055000 ---p 00000000 00:00 0 
7fc240055000-7fc240153000 rw-p 00000000 00:00 0                          [stack:11658]
7fc240153000-7fc240156000 ---p 00000000 00:00 0 
7fc240156000-7fc240254000 rw-p 00000000 00:00 0                          [stack:11657]
7fc240254000-7fc240257000 ---p 00000000 00:00 0 
7fc240257000-7fc240355000 rw-p 00000000 00:00 0                          [stack:11656]
7fc240355000-7fc240358000 ---p 00000000 00:00 0 
7fc240358000-7fc240456000 rw-p 00000000 00:00 0                          [stack:11648]
7fc240456000-7fc240459000 ---p 00000000 00:00 0 
7fc240459000-7fc240557000 rw-p 00000000 00:00 0                          [stack:11645]
7fc240557000-7fc240558000 ---p 00000000 00:00 0 
7fc240558000-7fc241655000 rw-p 00000000 00:00 0                          [stack:11642]
7fc241655000-7fc241807000 r--s 01d2e000 08:04 6572812                    /usr/lib/jvm/java-7-openjdk-amd64/jre/lib/rt.jar
7fc241807000-7fc244000000 rw-p 00000000 00:00 0 
7fc244000000-7fc244021000 rw-p 00000000 00:00 0 
7fc244021000-7fc248000000 ---p 00000000 00:00 0 
7fc248000000-7fc248021000 rw-p 00000000 00:00 0 
7fc248021000-7fc24c000000 ---p 00000000 00:00 0 
7fc24c000000-7fc24c021000 rw-p 00000000 00:00 0 
7fc24c021000-7fc250000000 ---p 00000000 00:00 0 
7fc250000000-7fc250021000 rw-p 00000000 00:00 0 
7fc250021000-7fc254000000 ---p 00000000 00:00 0 
7fc254007000-7fc254016000 r--s 000df000 08:04 14979628                   /home/shubhanshu/Android/Sdk/build-tools/23.0.2/lib/dx.jar
7fc254016000-7fc254017000 ---p 00000000 00:00 0 
7fc254017000-7fc254117000 rw-p 00000000 00:00 0                          [stack:11640]
7fc254117000-7fc254118000 ---p 00000000 00:00 0 
7fc254118000-7fc254218000 rw-p 00000000 00:00 0                          [stack:11639]
7fc254218000-7fc254219000 ---p 00000000 00:00 0 
7fc254219000-7fc254319000 rw-p 00000000 00:00 0                          [stack:11636]
7fc254319000-7fc25431a000 ---p 00000000 00:00 0 
7fc25431a000-7fc25442e000 rw-p 00000000 00:00 0                          [stack:11630]
7fc25442e000-7fc254570000 rw-p 00000000 00:00 0 
7fc254570000-7fc25457b000 rw-p 00000000 00:00 0 
7fc25457b000-7fc2545c3000 rw-p 00000000 00:00 0 
7fc2545c3000-7fc2545d7000 rw-p 00000000 00:00 0 
7fc2545d7000-7fc254718000 rw-p 00000000 00:00 0 
7fc254718000-7fc254742000 rw-p 00000000 00:00 0 
7fc254742000-7fc2547c3000 rw-p 00000000 00:00 0 
7fc2547c3000-7fc2547c4000 rw-p 00000000 00:00 0 
7fc2547c4000-7fc254a34000 rwxp 00000000 00:00 0 
7fc254a34000-7fc2577c4000 rw-p 00000000 00:00 0 
7fc2577c4000-7fc2577cc000 r-xp 00000000 08:04 6572822                    /usr/lib/jvm/java-7-openjdk-amd64/jre/lib/amd64/libzip.so
7fc2577cc000-7fc2579cb000 ---p 00008000 08:04 6572822                    /usr/lib/jvm/java-7-openjdk-amd64/jre/lib/amd64/libzip.so
7fc2579cb000-7fc2579cc000 r--p 00007000 08:04 6572822                    /usr/lib/jvm/java-7-openjdk-amd64/jre/lib/amd64/libzip.so
7fc2579cc000-7fc2579cd000 rw-p 00008000 08:04 6572822                    /usr/lib/jvm/java-7-openjdk-amd64/jre/lib/amd64/libzip.so
7fc2579cd000-7fc2579d9000 r-xp 00000000 08:04 7358699                    /lib/x86_64-linux-gnu/libnss_files-2.21.so
7fc2579d9000-7fc257bd8000 ---p 0000c000 08:04 7358699                    /lib/x86_64-linux-gnu/libnss_files-2.21.so
7fc257bd8000-7fc257bd9000 r--p 0000b000 08:04 7358699                    /lib/x86_64-linux-gnu/libnss_files-2.21.so
7fc257bd9000-7fc257bda000 rw-p 0000c000 08:04 7358699                    /lib/x86_64-linux-gnu/libnss_files-2.21.so
7fc257bda000-7fc257be5000 r-xp 00000000 08:04 7358709                    /lib/x86_64-linux-gnu/libnss_nis-2.21.so
7fc257be5000-7fc257de4000 ---p 0000b000 08:04 7358709                    /lib/x86_64-linux-gnu/libnss_nis-2.21.so
7fc257de4000-7fc257de5000 r--p 0000a000 08:04 7358709                    /lib/x86_64-linux-gnu/libnss_nis-2.21.so
7fc257de5000-7fc257de6000 rw-p 0000b000 08:04 7358709                    /lib/x86_64-linux-gnu/libnss_nis-2.21.so
7fc257de6000-7fc257dfd000 r-xp 00000000 08:04 7358693                    /lib/x86_64-linux-gnu/libnsl-2.21.so
7fc257dfd000-7fc257ffc000 ---p 00017000 08:04 7358693                    /lib/x86_64-linux-gnu/libnsl-2.21.so
7fc257ffc000-7fc257ffd000 r--p 00016000 08:04 7358693                    /lib/x86_64-linux-gnu/libnsl-2.21.so
7fc257ffd000-7fc257ffe000 rw-p 00017000 08:04 7358693                    /lib/x86_64-linux-gnu/libnsl-2.21.so
7fc257ffe000-7fc258000000 rw-p 00000000 00:00 0 
7fc258000000-7fc2581f3000 rw-p 00000000 00:00 0 
7fc2581f3000-7fc25c000000 ---p 00000000 00:00 0 
7fc25c00d000-7fc25c09b000 rw-p 00000000 00:00 0 
7fc25c09b000-7fc25c0e3000 rw-p 00000000 00:00 0 
7fc25c0e3000-7fc25c0eb000 r-xp 00000000 08:04 7358695                    /lib/x86_64-linux-gnu/libnss_compat-2.21.so
7fc25c0eb000-7fc25c2ea000 ---p 00008000 08:04 7358695                    /lib/x86_64-linux-gnu/libnss_compat-2.21.so
7fc25c2ea000-7fc25c2eb000 r--p 00007000 08:04 7358695                    /lib/x86_64-linux-gnu/libnss_compat-2.21.so
7fc25c2eb000-7fc25c2ec000 rw-p 00008000 08:04 7358695                    /lib/x86_64-linux-gnu/libnss_compat-2.21.so
7fc25c2ec000-7fc25c319000 r-xp 00000000 08:04 6572830                    /usr/lib/jvm/java-7-openjdk-amd64/jre/lib/amd64/libjava.so
7fc25c319000-7fc25c518000 ---p 0002d000 08:04 6572830                    /usr/lib/jvm/java-7-openjdk-amd64/jre/lib/amd64/libjava.so
7fc25c518000-7fc25c519000 r--p 0002c000 08:04 6572830                    /usr/lib/jvm/java-7-openjdk-amd64/jre/lib/amd64/libjava.so
7fc25c519000-7fc25c51b000 rw-p 0002d000 08:04 6572830                    /usr/lib/jvm/java-7-openjdk-amd64/jre/lib/amd64/libjava.so
7fc25c51b000-7fc25c52a000 r-xp 00000000 08:04 6572844                    /usr/lib/jvm/java-7-openjdk-amd64/jre/lib/amd64/libverify.so
7fc25c52a000-7fc25c729000 ---p 0000f000 08:04 6572844                    /usr/lib/jvm/java-7-openjdk-amd64/jre/lib/amd64/libverify.so
7fc25c729000-7fc25c72c000 r--p 0000e000 08:04 6572844                    /usr/lib/jvm/java-7-openjdk-amd64/jre/lib/amd64/libverify.so
7fc25c72c000-7fc25c72d000 rw-p 00011000 08:04 6572844                    /usr/lib/jvm/java-7-openjdk-amd64/jre/lib/amd64/libverify.so
7fc25c72d000-7fc25c734000 r-xp 00000000 08:04 7358754                    /lib/x86_64-linux-gnu/librt-2.21.so
7fc25c734000-7fc25c933000 ---p 00007000 08:04 7358754                    /lib/x86_64-linux-gnu/librt-2.21.so
7fc25c933000-7fc25c934000 r--p 00006000 08:04 7358754                    /lib/x86_64-linux-gnu/librt-2.21.so
7fc25c934000-7fc25c935000 rw-p 00007000 08:04 7358754                    /lib/x86_64-linux-gnu/librt-2.21.so
7fc25c935000-7fc25c94b000 r-xp 00000000 08:04 7358563                    /lib/x86_64-linux-gnu/libgcc_s.so.1
7fc25c94b000-7fc25cb4a000 ---p 00016000 08:04 7358563                    /lib/x86_64-linux-gnu/libgcc_s.so.1
7fc25cb4a000-7fc25cb4b000 rw-p 00015000 08:04 7358563                    /lib/x86_64-linux-gnu/libgcc_s.so.1
7fc25cb4b000-7fc25cc52000 r-xp 00000000 08:04 7358672                    /lib/x86_64-linux-gnu/libm-2.21.so
7fc25cc52000-7fc25ce51000 ---p 00107000 08:04 7358672                    /lib/x86_64-linux-gnu/libm-2.21.so
7fc25ce51000-7fc25ce52000 r--p 00106000 08:04 7358672                    /lib/x86_64-linux-gnu/libm-2.21.so
7fc25ce52000-7fc25ce53000 rw-p 00107000 08:04 7358672                    /lib/x86_64-linux-gnu/libm-2.21.so
7fc25ce53000-7fc25cf43000 r-xp 00000000 08:04 6575568                    /usr/lib/x86_64-linux-gnu/libstdc++.so.6.0.20
7fc25cf43000-7fc25d143000 ---p 000f0000 08:04 6575568                    /usr/lib/x86_64-linux-gnu/libstdc++.so.6.0.20
7fc25d143000-7fc25d14b000 r--p 000f0000 08:04 6575568                    /usr/lib/x86_64-linux-gnu/libstdc++.so.6.0.20
7fc25d14b000-7fc25d14d000 rw-p 000f8000 08:04 6575568                    /usr/lib/x86_64-linux-gnu/libstdc++.so.6.0.20
7fc25d14d000-7fc25d162000 rw-p 00000000 00:00 0 
7fc25d162000-7fc25dcc2000 r-xp 00000000 08:04 6572836                    /usr/lib/jvm/java-7-openjdk-amd64/jre/lib/amd64/server/libjvm.so
7fc25dcc2000-7fc25dec2000 ---p 00b60000 08:04 6572836                    /usr/lib/jvm/java-7-openjdk-amd64/jre/lib/amd64/server/libjvm.so
7fc25dec2000-7fc25df61000 r--p 00b60000 08:04 6572836                    /usr/lib/jvm/java-7-openjdk-amd64/jre/lib/amd64/server/libjvm.so
7fc25df61000-7fc25df84000 rw-p 00bff000 08:04 6572836                    /usr/lib/jvm/java-7-openjdk-amd64/jre/lib/amd64/server/libjvm.so
7fc25df84000-7fc25dfb1000 rw-p 00000000 00:00 0 
7fc25dfb1000-7fc25dfca000 r-xp 00000000 08:04 7358787                    /lib/x86_64-linux-gnu/libz.so.1.2.8
7fc25dfca000-7fc25e1ca000 ---p 00019000 08:04 7358787                    /lib/x86_64-linux-gnu/libz.so.1.2.8
7fc25e1ca000-7fc25e1cb000 r--p 00019000 08:04 7358787                    /lib/x86_64-linux-gnu/libz.so.1.2.8
7fc25e1cb000-7fc25e1cc000 rw-p 0001a000 08:04 7358787                    /lib/x86_64-linux-gnu/libz.so.1.2.8
7fc25e1cc000-7fc25e1e4000 r-xp 00000000 08:04 7358746                    /lib/x86_64-linux-gnu/libpthread-2.21.so
7fc25e1e4000-7fc25e3e4000 ---p 00018000 08:04 7358746                    /lib/x86_64-linux-gnu/libpthread-2.21.so
7fc25e3e4000-7fc25e3e5000 r--p 00018000 08:04 7358746                    /lib/x86_64-linux-gnu/libpthread-2.21.so
7fc25e3e5000-7fc25e3e6000 rw-p 00019000 08:04 7358746                    /lib/x86_64-linux-gnu/libpthread-2.21.so
7fc25e3e6000-7fc25e3ea000 rw-p 00000000 00:00 0 
7fc25e3ea000-7fc25e3ed000 r-xp 00000000 08:04 7358630                    /lib/x86_64-linux-gnu/libdl-2.21.so
7fc25e3ed000-7fc25e5ec000 ---p 00003000 08:04 7358630                    /lib/x86_64-linux-gnu/libdl-2.21.so
7fc25e5ec000-7fc25e5ed000 r--p 00002000 08:04 7358630                    /lib/x86_64-linux-gnu/libdl-2.21.so
7fc25e5ed000-7fc25e5ee000 rw-p 00003000 08:04 7358630                    /lib/x86_64-linux-gnu/libdl-2.21.so
7fc25e5ee000-7fc25e7ae000 r-xp 00000000 08:04 7358613                    /lib/x86_64-linux-gnu/libc-2.21.so
7fc25e7ae000-7fc25e9ae000 ---p 001c0000 08:04 7358613                    /lib/x86_64-linux-gnu/libc-2.21.so
7fc25e9ae000-7fc25e9b2000 r--p 001c0000 08:04 7358613                    /lib/x86_64-linux-gnu/libc-2.21.so
7fc25e9b2000-7fc25e9b4000 rw-p 001c4000 08:04 7358613                    /lib/x86_64-linux-gnu/libc-2.21.so
7fc25e9b4000-7fc25e9b8000 rw-p 00000000 00:00 0 
7fc25e9b8000-7fc25e9c5000 r-xp 00000000 08:04 6572845                    /usr/lib/jvm/java-7-openjdk-amd64/jre/lib/amd64/jli/libjli.so
7fc25e9c5000-7fc25ebc4000 ---p 0000d000 08:04 6572845                    /usr/lib/jvm/java-7-openjdk-amd64/jre/lib/amd64/jli/libjli.so
7fc25ebc4000-7fc25ebc5000 r--p 0000c000 08:04 6572845                    /usr/lib/jvm/java-7-openjdk-amd64/jre/lib/amd64/jli/libjli.so
7fc25ebc5000-7fc25ebc6000 rw-p 0000d000 08:04 6572845                    /usr/lib/jvm/java-7-openjdk-amd64/jre/lib/amd64/jli/libjli.so
7fc25ebc6000-7fc25ebea000 r-xp 00000000 08:04 7358585                    /lib/x86_64-linux-gnu/ld-2.21.so
7fc25ebea000-7fc25ebeb000 rw-p 00000000 00:00 0 
7fc25ebeb000-7fc25ebef000 r--s 00085000 08:04 6572805                    /usr/lib/jvm/java-7-openjdk-amd64/jre/lib/ext/localedata.jar
7fc25ebef000-7fc25ec11000 rw-p 00000000 00:00 0 
7fc25ec11000-7fc25ecc7000 rw-p 00000000 00:00 0 
7fc25ecc7000-7fc25ecca000 ---p 00000000 00:00 0 
7fc25ecca000-7fc25edcd000 rw-p 00000000 00:00 0                          [stack:11628]
7fc25edcd000-7fc25edce000 r--s 00002000 08:04 6572809                    /usr/lib/jvm/java-7-openjdk-amd64/jre/lib/ext/dnsns.jar
7fc25edce000-7fc25edd0000 r--s 00006000 08:04 7104393                    /usr/share/java/java-atk-wrapper.jar
7fc25edd0000-7fc25edd3000 r--s 0000f000 08:04 6572806                    /usr/lib/jvm/java-7-openjdk-amd64/jre/lib/ext/icedtea-sound.jar
7fc25edd3000-7fc25edd7000 r--s 0003c000 08:04 6572808                    /usr/lib/jvm/java-7-openjdk-amd64/jre/lib/ext/sunpkcs11.jar
7fc25edd7000-7fc25eddb000 r--s 00034000 08:04 6572807                    /usr/lib/jvm/java-7-openjdk-amd64/jre/lib/ext/sunjce_provider.jar
7fc25eddb000-7fc25eddd000 r--s 00012000 08:04 6572804                    /usr/lib/jvm/java-7-openjdk-amd64/jre/lib/ext/zipfs.jar
7fc25eddd000-7fc25ede5000 rw-s 00000000 08:04 10903465                   /tmp/hsperfdata_shubhanshu/11610
7fc25ede5000-7fc25ede6000 rw-p 00000000 00:00 0 
7fc25ede6000-7fc25ede7000 ---p 00000000 00:00 0 
7fc25ede7000-7fc25ede9000 rw-p 00000000 00:00 0 
7fc25ede9000-7fc25edea000 r--p 00023000 08:04 7358585                    /lib/x86_64-linux-gnu/ld-2.21.so
7fc25edea000-7fc25edeb000 rw-p 00024000 08:04 7358585                    /lib/x86_64-linux-gnu/ld-2.21.so
7fc25edeb000-7fc25edec000 rw-p 00000000 00:00 0 
7ffc83a76000-7ffc83a97000 rw-p 00000000 00:00 0                          [stack]
7ffc83b9a000-7ffc83b9c000 r--p 00000000 00:00 0                          [vvar]
7ffc83b9c000-7ffc83b9e000 r-xp 00000000 00:00 0                          [vdso]
ffffffffff600000-ffffffffff601000 r-xp 00000000 00:00 0                  [vsyscall]

VM Arguments:
jvm_args: -Djava.awt.headless=true -Xmx1024M -Dfile.encoding=UTF-8 -Duser.country=IN -Duser.language=en -Duser.variant 
java_command: com.android.dx.command.Main --dex --num-threads=4 --output /home/shubhanshu/AndroidStudioProjects/MyApplication7/app/build/intermediates/pre-dexed/debug/com.android.support-support-v4-22.2.1_6787bda1de9fee0e28d1ea67f8f72a1a4a9bf9dd.jar /home/shubhanshu/AndroidStudioProjects/MyApplication7/app/build/intermediates/exploded-aar/com.android.support/support-v4/22.2.1/jars/classes.jar
Launcher Type: SUN_STANDARD

Environment Variables:
PATH=/usr/local/sbin:/usr/local/bin:/usr/sbin:/usr/bin:/sbin:/bin:/usr/games:/usr/local/games
SHELL=/bin/bash
DISPLAY=:0

Signal Handlers:
SIGSEGV: [libjvm.so+0x992590], sa_mask[0]=0x7ffbfeff, sa_flags=0x10000004
SIGBUS: [libjvm.so+0x992590], sa_mask[0]=0x7ffbfeff, sa_flags=0x10000004
SIGFPE: [libjvm.so+0x7fec60], sa_mask[0]=0x7ffbfeff, sa_flags=0x10000004
SIGPIPE: [libjvm.so+0x7fec60], sa_mask[0]=0x7ffbfeff, sa_flags=0x10000004
SIGXFSZ: [libjvm.so+0x7fec60], sa_mask[0]=0x7ffbfeff, sa_flags=0x10000004
SIGILL: [libjvm.so+0x7fec60], sa_mask[0]=0x7ffbfeff, sa_flags=0x10000004
SIGUSR1: SIG_DFL, sa_mask[0]=0x00000000, sa_flags=0x00000000
SIGUSR2: [libjvm.so+0x7feae0], sa_mask[0]=0x00000004, sa_flags=0x10000004
SIGHUP: [libjvm.so+0x7fece0], sa_mask[0]=0x7ffbfeff, sa_flags=0x10000004
SIGINT: [libjvm.so+0x7fece0], sa_mask[0]=0x7ffbfeff, sa_flags=0x10000004
SIGTERM: [libjvm.so+0x7fece0], sa_mask[0]=0x7ffbfeff, sa_flags=0x10000004
SIGQUIT: [libjvm.so+0x7fece0], sa_mask[0]=0x7ffbfeff, sa_flags=0x10000004
SIGTRAP: SIG_DFL, sa_mask[0]=0x00000000, sa_flags=0x00000000


---------------  S Y S T E M  ---------------

OS:Ubuntu 15.04 (vivid)
uname:Linux 3.19.0-47-generic #53-Ubuntu SMP Mon Jan 18 14:02:48 UTC 2016 x86_64
libc:glibc 2.21 NPTL 2.21 
rlimit: STACK 8192k, CORE 0k, NPROC 15404, NOFILE 65536, AS infinity
load average:13.37 7.15 3.75

/proc/meminfo:
MemTotal:        3965776 kB
MemFree:          105752 kB
MemAvailable:      52184 kB
Buffers:             608 kB
Cached:           368896 kB
SwapCached:            0 kB
Active:          3377476 kB
Inactive:         318632 kB
Active(anon):    3368752 kB
Inactive(anon):   297356 kB
Active(file):       8724 kB
Inactive(file):    21276 kB
Unevictable:          32 kB
Mlocked:              32 kB
SwapTotal:             0 kB
SwapFree:              0 kB
Dirty:              4744 kB
Writeback:             0 kB
AnonPages:       3327032 kB
Mapped:            89308 kB
Shmem:            339108 kB
Slab:              65428 kB
SReclaimable:      31788 kB
SUnreclaim:        33640 kB
KernelStack:        8992 kB
PageTables:        34716 kB
NFS_Unstable:          0 kB
Bounce:                0 kB
WritebackTmp:          0 kB
CommitLimit:     1982888 kB
Committed_AS:    6867080 kB
VmallocTotal:   34359738367 kB
VmallocUsed:      550640 kB
VmallocChunk:   34359177180 kB
HardwareCorrupted:     0 kB
AnonHugePages:   2308096 kB
CmaTotal:              0 kB
CmaFree:               0 kB
HugePages_Total:       0
HugePages_Free:        0
HugePages_Rsvd:        0
HugePages_Surp:        0
Hugepagesize:       2048 kB
DirectMap4k:      152640 kB
DirectMap2M:     3960832 kB
DirectMap1G:     1048576 kB


CPU:total 4 (2 cores per cpu, 2 threads per core) family 6 model 61 stepping 4, cmov, cx8, fxsr, mmx, sse, sse2, sse3, ssse3, sse4.1, sse4.2, popcnt, avx, avx2, aes, erms, ht, tsc, tscinvbit

/proc/cpuinfo:
processor	: 0
vendor_id	: GenuineIntel
cpu family	: 6
model		: 61
model name	: Intel(R) Core(TM) i5-5200U CPU @ 2.20GHz
stepping	: 4
microcode	: 0x12
cpu MHz		: 2024.171
cache size	: 3072 KB
physical id	: 0
siblings	: 4
core id		: 0
cpu cores	: 2
apicid		: 0
initial apicid	: 0
fpu		: yes
fpu_exception	: yes
cpuid level	: 20
wp		: yes
flags		: fpu vme de pse tsc msr pae mce cx8 apic sep mtrr pge mca cmov pat pse36 clflush dts acpi mmx fxsr sse sse2 ss ht tm pbe syscall nx pdpe1gb rdtscp lm constant_tsc arch_perfmon pebs bts rep_good nopl xtopology nonstop_tsc aperfmperf eagerfpu pni pclmulqdq dtes64 monitor ds_cpl vmx est tm2 ssse3 fma cx16 xtpr pdcm pcid sse4_1 sse4_2 x2apic movbe popcnt tsc_deadline_timer aes xsave avx f16c rdrand lahf_lm abm 3dnowprefetch ida arat epb pln pts dtherm tpr_shadow vnmi flexpriority ept vpid fsgsbase tsc_adjust bmi1 avx2 smep bmi2 erms invpcid rdseed adx smap xsaveopt
bugs		:
bogomips	: 4389.87
clflush size	: 64
cache_alignment	: 64
address sizes	: 39 bits physical, 48 bits virtual
power management:

processor	: 1
vendor_id	: GenuineIntel
cpu family	: 6
model		: 61
model name	: Intel(R) Core(TM) i5-5200U CPU @ 2.20GHz
stepping	: 4
microcode	: 0x12
cpu MHz		: 1970.546
cache size	: 3072 KB
physical id	: 0
siblings	: 4
core id		: 1
cpu cores	: 2
apicid		: 2
initial apicid	: 2
fpu		: yes
fpu_exception	: yes
cpuid level	: 20
wp		: yes
flags		: fpu vme de pse tsc msr pae mce cx8 apic sep mtrr pge mca cmov pat pse36 clflush dts acpi mmx fxsr sse sse2 ss ht tm pbe syscall nx pdpe1gb rdtscp lm constant_tsc arch_perfmon pebs bts rep_good nopl xtopology nonstop_tsc aperfmperf eagerfpu pni pclmulqdq dtes64 monitor ds_cpl vmx est tm2 ssse3 fma cx16 xtpr pdcm pcid sse4_1 sse4_2 x2apic movbe popcnt tsc_deadline_timer aes xsave avx f16c rdrand lahf_lm abm 3dnowprefetch ida arat epb pln pts dtherm tpr_shadow vnmi flexpriority ept vpid fsgsbase tsc_adjust bmi1 avx2 smep bmi2 erms invpcid rdseed adx smap xsaveopt
bugs		:
bogomips	: 4389.87
clflush size	: 64
cache_alignment	: 64
address sizes	: 39 bits physical, 48 bits virtual
power management:

processor	: 2
vendor_id	: GenuineIntel
cpu family	: 6
model		: 61
model name	: Intel(R) Core(TM) i5-5200U CPU @ 2.20GHz
stepping	: 4
microcode	: 0x12
cpu MHz		: 2233.257
cache size	: 3072 KB
physical id	: 0
siblings	: 4
core id		: 0
cpu cores	: 2
apicid		: 1
initial apicid	: 1
fpu		: yes
fpu_exception	: yes
cpuid level	: 20
wp		: yes
flags		: fpu vme de pse tsc msr pae mce cx8 apic sep mtrr pge mca cmov pat pse36 clflush dts acpi mmx fxsr sse sse2 ss ht tm pbe syscall nx pdpe1gb rdtscp lm constant_tsc arch_perfmon pebs bts rep_good nopl xtopology nonstop_tsc aperfmperf eagerfpu pni pclmulqdq dtes64 monitor ds_cpl vmx est tm2 ssse3 fma cx16 xtpr pdcm pcid sse4_1 sse4_2 x2apic movbe popcnt tsc_deadline_timer aes xsave avx f16c rdrand lahf_lm abm 3dnowprefetch ida arat epb pln pts dtherm tpr_shadow vnmi flexpriority ept vpid fsgsbase tsc_adjust bmi1 avx2 smep bmi2 erms invpcid rdseed adx smap xsaveopt
bugs		:
bogomips	: 4389.87
clflush size	: 64
cache_alignment	: 64
address sizes	: 39 bits physical, 48 bits virtual
power management:

processor	: 3
vendor_id	: GenuineIntel
cpu family	: 6
model		: 61
model name	: Intel(R) Core(TM) i5-5200U CPU @ 2.20GHz
stepping	: 4
microcode	: 0x12
cpu MHz		: 2106.929
cache size	: 3072 KB
physical id	: 0
siblings	: 4
core id		: 1
cpu cores	: 2
apicid		: 3
initial apicid	: 3
fpu		: yes
fpu_exception	: yes
cpuid level	: 20
wp		: yes
flags		: fpu vme de pse tsc msr pae mce cx8 apic sep mtrr pge mca cmov pat pse36 clflush dts acpi mmx fxsr sse sse2 ss ht tm pbe syscall nx pdpe1gb rdtscp lm constant_tsc arch_perfmon pebs bts rep_good nopl xtopology nonstop_tsc aperfmperf eagerfpu pni pclmulqdq dtes64 monitor ds_cpl vmx est tm2 ssse3 fma cx16 xtpr pdcm pcid sse4_1 sse4_2 x2apic movbe popcnt tsc_deadline_timer aes xsave avx f16c rdrand lahf_lm abm 3dnowprefetch ida arat epb pln pts dtherm tpr_shadow vnmi flexpriority ept vpid fsgsbase tsc_adjust bmi1 avx2 smep bmi2 erms invpcid rdseed adx smap xsaveopt
bugs		:
bogomips	: 4389.87
clflush size	: 64
cache_alignment	: 64
address sizes	: 39 bits physical, 48 bits virtual
power management:



Memory: 4k page, physical 3965776k(105752k free), swap 0k(0k free)

vm_info: OpenJDK 64-Bit Server VM (24.91-b01) for linux-amd64 JRE (1.7.0_91-b02), built on Nov 19 2015 06:08:55 by "buildd" with gcc 4.9.2

time: Sat Sep  3 18:29:28 2016
elapsed time: 16 seconds

