#
# There is insufficient memory for the Java Runtime Environment to continue.
# Native memory allocation (malloc) failed to allocate 74448896 bytes for committing reserved memory.
# Possible reasons:
#   The system is out of physical RAM or swap space
#   In 32 bit mode, the process size limit was hit
# Possible solutions:
#   Reduce memory load on the system
#   Increase physical memory or swap space
#   Check if swap backing store is full
#   Use 64 bit Java on a 64 bit OS
#   Decrease Java heap size (-Xmx/-Xms)
#   Decrease number of Java threads
#   Decrease Java thread stack sizes (-Xss)
#   Set larger code cache with -XX:ReservedCodeCacheSize=
# This output file may be truncated or incomplete.
#
#  Out of Memory Error (os_linux.cpp:2827), pid=11159, tid=140216327870208
#
# JRE version: OpenJDK Runtime Environment (7.0_91-b02) (build 1.7.0_91-b02)
# Java VM: OpenJDK 64-Bit Server VM (24.91-b01 mixed mode linux-amd64 compressed oops)
# Derivative: IcedTea 2.6.3
# Distribution: Ubuntu 15.04, package 7u91-2.6.3-0ubuntu0.15.04.1
# Failed to write core dump. Core dumps have been disabled. To enable core dumping, try "ulimit -c unlimited" before starting Java again
#

---------------  T H R E A D  ---------------

Current thread (0x00007f86a4076000):  VMThread [stack: 0x00007f86a85a1000,0x00007f86a86a2000] [id=11190]

Stack: [0x00007f86a85a1000,0x00007f86a86a2000],  sp=0x00007f86a86a04e0,  free space=1021k
Native frames: (J=compiled Java code, j=interpreted, Vv=VM code, C=native code)
V  [libjvm.so+0x991aa6]  VMError::report_and_die()+0x186
V  [libjvm.so+0x4934c2]  report_vm_out_of_memory(char const*, int, unsigned long, char const*)+0x92
V  [libjvm.so+0x80371b]  os::pd_commit_memory(char*, unsigned long, unsigned long, bool)+0xeb
V  [libjvm.so+0x7fddfe]  os::commit_memory(char*, unsigned long, unsigned long, bool)+0x2e
V  [libjvm.so+0x871c0b]  PSVirtualSpace::expand_by(unsigned long)+0x5b
V  [libjvm.so+0x872ac3]  PSYoungGen::resize_generation(unsigned long, unsigned long)+0xd3
V  [libjvm.so+0x8731db]  PSYoungGen::resize(unsigned long, unsigned long)+0x1b
V  [libjvm.so+0x86eb41]  PSScavenge::invoke_no_policy()+0xd51
V  [libjvm.so+0x86f3b8]  PSScavenge::invoke()+0x38
V  [libjvm.so+0x826a73]  ParallelScavengeHeap::failed_mem_allocate(unsigned long)+0x63
V  [libjvm.so+0x993372]  VM_ParallelGCFailedAllocation::doit()+0x92
V  [libjvm.so+0x9977f7]  VM_Operation::evaluate()+0x47
V  [libjvm.so+0x995f6b]  VMThread::evaluate_operation(VM_Operation*)+0xab
V  [libjvm.so+0x996616]  VMThread::loop()+0x1e6
V  [libjvm.so+0x996ae1]  VMThread::run()+0x81
V  [libjvm.so+0x800642]  java_start(Thread*)+0xf2

VM_Operation (0x00007f869c31ffb0): ParallelGCFailedAllocation, mode: safepoint, requested by thread 0x00007f86a41a7000


---------------  P R O C E S S  ---------------

Java Threads: ( => current thread )
  0x00007f86a41a7000 JavaThread "pool-1-thread-4" [_thread_blocked, id=11234, stack(0x00007f869c221000,0x00007f869c322000)]
  0x00007f86a41a5800 JavaThread "pool-1-thread-3" [_thread_blocked, id=11233, stack(0x00007f869c322000,0x00007f869c423000)]
  0x00007f86a41a4800 JavaThread "pool-1-thread-2" [_thread_blocked, id=11229, stack(0x00007f869c423000,0x00007f869c524000)]
  0x00007f86a4199000 JavaThread "pool-2-thread-1" [_thread_blocked, id=11226, stack(0x00007f869c524000,0x00007f869c625000)]
  0x00007f86a4195000 JavaThread "pool-1-thread-1" [_thread_blocked, id=11222, stack(0x00007f869c625000,0x00007f869c726000)]
  0x00007f86a40b1000 JavaThread "Service Thread" daemon [_thread_blocked, id=11216, stack(0x00007f869e2ed000,0x00007f869e3ee000)]
  0x00007f86a40ae800 JavaThread "C2 CompilerThread1" daemon [_thread_blocked, id=11213, stack(0x00007f86a809c000,0x00007f86a819d000)]
  0x00007f86a40ab800 JavaThread "C2 CompilerThread0" daemon [_thread_blocked, id=11203, stack(0x00007f86a819d000,0x00007f86a829e000)]
  0x00007f86a40a9800 JavaThread "Signal Dispatcher" daemon [_thread_blocked, id=11199, stack(0x00007f86a829e000,0x00007f86a839f000)]
  0x00007f86a407c800 JavaThread "Finalizer" daemon [_thread_blocked, id=11198, stack(0x00007f86a839f000,0x00007f86a84a0000)]
  0x00007f86a407a800 JavaThread "Reference Handler" daemon [_thread_blocked, id=11197, stack(0x00007f86a84a0000,0x00007f86a85a1000)]
  0x00007f86a400a800 JavaThread "main" [_thread_blocked, id=11169, stack(0x00007f86ad7be000,0x00007f86ad8bf000)]

Other Threads:
=>0x00007f86a4076000 VMThread [stack: 0x00007f86a85a1000,0x00007f86a86a2000] [id=11190]
  0x00007f86a40bb800 WatcherThread [stack: 0x00007f869e1ec000,0x00007f869e2ed000] [id=11218]

VM state:at safepoint (normal execution)

VM Mutex/Monitor currently owned by a thread:  ([mutex/lock_event])
[0x00007f86a40069f0] Threads_lock - owner thread: 0x00007f86a4076000
[0x00007f86a4006ef0] Heap_lock - owner thread: 0x00007f86a41a7000

Heap
 PSYoungGen      total 72192K, used 9213K [0x00000000eaa80000, 0x00000000efa80000, 0x0000000100000000)
  eden space 62976K, 0% used [0x00000000eaa80000,0x00000000eaa80000,0x00000000ee800000)
  from space 9216K, 99% used [0x00000000ee800000,0x00000000ef0ff600,0x00000000ef100000)
  to   space 8704K, 0% used [0x00000000ef100000,0x00000000ef100000,0x00000000ef980000)
 ParOldGen       total 40960K, used 20807K [0x00000000c0000000, 0x00000000c2800000, 0x00000000eaa80000)
  object space 40960K, 50% used [0x00000000c0000000,0x00000000c1451d28,0x00000000c2800000)
 PSPermGen       total 21504K, used 6268K [0x00000000b5a00000, 0x00000000b6f00000, 0x00000000c0000000)
  object space 21504K, 29% used [0x00000000b5a00000,0x00000000b601f1a8,0x00000000b6f00000)

Card table byte_map: [0x00007f86aa14a000,0x00007f86aa39e000] byte_map_base: 0x00007f86a9b9d000

Polling page: 0x00007f86ad8dd000

Code Cache  [0x00007f86a1000000, 0x00007f86a1270000, 0x00007f86a4000000)
 total_blobs=670 nmethods=439 adapters=184 free_code_cache=47240Kb largest_free_block=48339200

Compilation events (10 events):
Event: 36.741 Thread 0x00007f86a40ae800 nmethod 445 0x00007f86a11e4e50 code [0x00007f86a11e5060, 0x00007f86a11e5a98]
Event: 36.741 Thread 0x00007f86a40ae800  446             com.android.dx.ssa.SsaConverter::edgeSplitPredecessors (44 bytes)
Event: 36.756 Thread 0x00007f86a40ae800 nmethod 446 0x00007f86a11caf50 code [0x00007f86a11cb160, 0x00007f86a11cb860]
Event: 36.756 Thread 0x00007f86a40ae800  447             com.android.dx.ssa.SsaRenamer$BlockRenamer$1::<init> (10 bytes)
Event: 36.757 Thread 0x00007f86a40ae800 nmethod 447 0x00007f86a11c7ad0 code [0x00007f86a11c7c00, 0x00007f86a11c7c78]
Event: 36.757 Thread 0x00007f86a40ae800  448             com.android.dx.ssa.SsaRenamer$BlockRenamer$RenamingMapper::<init> (10 bytes)
Event: 36.757 Thread 0x00007f86a40ae800 nmethod 448 0x00007f86a11cad50 code [0x00007f86a11cae80, 0x00007f86a11caef8]
Event: 36.757 Thread 0x00007f86a40ae800  449             com.android.dx.ssa.SsaRenamer$1::visitBlock (16 bytes)
Event: 36.763 Thread 0x00007f86a40ae800 nmethod 449 0x00007f86a10c96d0 code [0x00007f86a10c9860, 0x00007f86a10c9d28]
Event: 36.763 Thread 0x00007f86a40ae800  450             com.android.dx.ssa.SsaRenamer$BlockRenamer::<init> (72 bytes)

GC Heap History (10 events):
Event: 3.737 GC heap after
Heap after GC invocations=2 (full 0):
 PSYoungGen      total 18432K, used 2557K [0x00000000eaa80000, 0x00000000ece80000, 0x0000000100000000)
  eden space 15872K, 0% used [0x00000000eaa80000,0x00000000eaa80000,0x00000000eba00000)
  from space 2560K, 99% used [0x00000000ebc80000,0x00000000ebeff638,0x00000000ebf00000)
  to   space 2560K, 0% used [0x00000000eba00000,0x00000000eba00000,0x00000000ebc80000)
 ParOldGen       total 40960K, used 2760K [0x00000000c0000000, 0x00000000c2800000, 0x00000000eaa80000)
  object space 40960K, 6% used [0x00000000c0000000,0x00000000c02b21d0,0x00000000c2800000)
 PSPermGen       total 21504K, used 6043K [0x00000000b5a00000, 0x00000000b6f00000, 0x00000000c0000000)
  object space 21504K, 28% used [0x00000000b5a00000,0x00000000b5fe6c40,0x00000000b6f00000)
}
Event: 4.829 GC heap before
{Heap before GC invocations=3 (full 0):
 PSYoungGen      total 18432K, used 18429K [0x00000000eaa80000, 0x00000000ece80000, 0x0000000100000000)
  eden space 15872K, 100% used [0x00000000eaa80000,0x00000000eba00000,0x00000000eba00000)
  from space 2560K, 99% used [0x00000000ebc80000,0x00000000ebeff638,0x00000000ebf00000)
  to   space 2560K, 0% used [0x00000000eba00000,0x00000000eba00000,0x00000000ebc80000)
 ParOldGen       total 40960K, used 2760K [0x00000000c0000000, 0x00000000c2800000, 0x00000000eaa80000)
  object space 40960K, 6% used [0x00000000c0000000,0x00000000c02b21d0,0x00000000c2800000)
 PSPermGen       total 21504K, used 6127K [0x00000000b5a00000, 0x00000000b6f00000, 0x00000000c0000000)
  object space 21504K, 28% used [0x00000000b5a00000,0x00000000b5ffbdf8,0x00000000b6f00000)
Event: 4.872 GC heap after
Heap after GC invocations=3 (full 0):
 PSYoungGen      total 18432K, used 2530K [0x00000000eaa80000, 0x00000000ece80000, 0x0000000100000000)
  eden space 15872K, 0% used [0x00000000eaa80000,0x00000000eaa80000,0x00000000eba00000)
  from space 2560K, 98% used [0x00000000eba00000,0x00000000ebc78ba8,0x00000000ebc80000)
  to   space 2560K, 0% used [0x00000000ecc00000,0x00000000ecc00000,0x00000000ece80000)
 ParOldGen       total 40960K, used 5269K [0x00000000c0000000, 0x00000000c2800000, 0x00000000eaa80000)
  object space 40960K, 12% used [0x00000000c0000000,0x00000000c0525678,0x00000000c2800000)
 PSPermGen       total 21504K, used 6127K [0x00000000b5a00000, 0x00000000b6f00000, 0x00000000c0000000)
  object space 21504K, 28% used [0x00000000b5a00000,0x00000000b5ffbdf8,0x00000000b6f00000)
}
Event: 5.887 GC heap before
{Heap before GC invocations=4 (full 0):
 PSYoungGen      total 18432K, used 18402K [0x00000000eaa80000, 0x00000000ece80000, 0x0000000100000000)
  eden space 15872K, 100% used [0x00000000eaa80000,0x00000000eba00000,0x00000000eba00000)
  from space 2560K, 98% used [0x00000000eba00000,0x00000000ebc78ba8,0x00000000ebc80000)
  to   space 2560K, 0% used [0x00000000ecc00000,0x00000000ecc00000,0x00000000ece80000)
 ParOldGen       total 40960K, used 5269K [0x00000000c0000000, 0x00000000c2800000, 0x00000000eaa80000)
  object space 40960K, 12% used [0x00000000c0000000,0x00000000c0525678,0x00000000c2800000)
 PSPermGen       total 21504K, used 6166K [0x00000000b5a00000, 0x00000000b6f00000, 0x00000000c0000000)
  object space 21504K, 28% used [0x00000000b5a00000,0x00000000b6005b20,0x00000000b6f00000)
Event: 5.930 GC heap after
Heap after GC invocations=4 (full 0):
 PSYoungGen      total 34304K, used 2548K [0x00000000eaa80000, 0x00000000ece80000, 0x0000000100000000)
  eden space 31744K, 0% used [0x00000000eaa80000,0x00000000eaa80000,0x00000000ec980000)
  from space 2560K, 99% used [0x00000000ecc00000,0x00000000ece7d088,0x00000000ece80000)
  to   space 2560K, 0% used [0x00000000ec980000,0x00000000ec980000,0x00000000ecc00000)
 ParOldGen       total 40960K, used 8255K [0x00000000c0000000, 0x00000000c2800000, 0x00000000eaa80000)
  object space 40960K, 20% used [0x00000000c0000000,0x00000000c080ff28,0x00000000c2800000)
 PSPermGen       total 21504K, used 6166K [0x00000000b5a00000, 0x00000000b6f00000, 0x00000000c0000000)
  object space 21504K, 28% used [0x00000000b5a00000,0x00000000b6005b20,0x00000000b6f00000)
}
Event: 8.171 GC heap before
{Heap before GC invocations=5 (full 0):
 PSYoungGen      total 34304K, used 34292K [0x00000000eaa80000, 0x00000000ece80000, 0x0000000100000000)
  eden space 31744K, 100% used [0x00000000eaa80000,0x00000000ec980000,0x00000000ec980000)
  from space 2560K, 99% used [0x00000000ecc00000,0x00000000ece7d088,0x00000000ece80000)
  to   space 2560K, 0% used [0x00000000ec980000,0x00000000ec980000,0x00000000ecc00000)
 ParOldGen       total 40960K, used 8255K [0x00000000c0000000, 0x00000000c2800000, 0x00000000eaa80000)
  object space 40960K, 20% used [0x00000000c0000000,0x00000000c080ff28,0x00000000c2800000)
 PSPermGen       total 21504K, used 6199K [0x00000000b5a00000, 0x00000000b6f00000, 0x00000000c0000000)
  object space 21504K, 28% used [0x00000000b5a00000,0x00000000b600df08,0x00000000b6f00000)
Event: 8.233 GC heap after
Heap after GC invocations=5 (full 0):
 PSYoungGen      total 34304K, used 2544K [0x00000000eaa80000, 0x00000000ef980000, 0x0000000100000000)
  eden space 31744K, 0% used [0x00000000eaa80000,0x00000000eaa80000,0x00000000ec980000)
  from space 2560K, 99% used [0x00000000ec980000,0x00000000ecbfc0d8,0x00000000ecc00000)
  to   space 8704K, 0% used [0x00000000ef100000,0x00000000ef100000,0x00000000ef980000)
 ParOldGen       total 40960K, used 13633K [0x00000000c0000000, 0x00000000c2800000, 0x00000000eaa80000)
  object space 40960K, 33% used [0x00000000c0000000,0x00000000c0d50748,0x00000000c2800000)
 PSPermGen       total 21504K, used 6199K [0x00000000b5a00000, 0x00000000b6f00000, 0x00000000c0000000)
  object space 21504K, 28% used [0x00000000b5a00000,0x00000000b600df08,0x00000000b6f00000)
}
Event: 14.329 GC heap before
{Heap before GC invocations=6 (full 0):
 PSYoungGen      total 34304K, used 34288K [0x00000000eaa80000, 0x00000000ef980000, 0x0000000100000000)
  eden space 31744K, 100% used [0x00000000eaa80000,0x00000000ec980000,0x00000000ec980000)
  from space 2560K, 99% used [0x00000000ec980000,0x00000000ecbfc0d8,0x00000000ecc00000)
  to   space 8704K, 0% used [0x00000000ef100000,0x00000000ef100000,0x00000000ef980000)
 ParOldGen       total 40960K, used 13633K [0x00000000c0000000, 0x00000000c2800000, 0x00000000eaa80000)
  object space 40960K, 33% used [0x00000000c0000000,0x00000000c0d50748,0x00000000c2800000)
 PSPermGen       total 21504K, used 6234K [0x00000000b5a00000, 0x00000000b6f00000, 0x00000000c0000000)
  object space 21504K, 28% used [0x00000000b5a00000,0x00000000b6016b88,0x00000000b6f00000)
Event: 28.706 GC heap after
Heap after GC invocations=6 (full 0):
 PSYoungGen      total 71680K, used 7380K [0x00000000eaa80000, 0x00000000efa80000, 0x0000000100000000)
  eden space 62976K, 0% used [0x00000000eaa80000,0x00000000eaa80000,0x00000000ee800000)
  from space 8704K, 84% used [0x00000000ef100000,0x00000000ef835088,0x00000000ef980000)
  to   space 9216K, 0% used [0x00000000ee800000,0x00000000ee800000,0x00000000ef100000)
 ParOldGen       total 40960K, used 13633K [0x00000000c0000000, 0x00000000c2800000, 0x00000000eaa80000)
  object space 40960K, 33% used [0x00000000c0000000,0x00000000c0d50748,0x00000000c2800000)
 PSPermGen       total 21504K, used 6234K [0x00000000b5a00000, 0x00000000b6f00000, 0x00000000c0000000)
  object space 21504K, 28% used [0x00000000b5a00000,0x00000000b6016b88,0x00000000b6f00000)
}
Event: 36.766 GC heap before
{Heap before GC invocations=7 (full 0):
 PSYoungGen      total 71680K, used 70356K [0x00000000eaa80000, 0x00000000efa80000, 0x0000000100000000)
  eden space 62976K, 100% used [0x00000000eaa80000,0x00000000ee800000,0x00000000ee800000)
  from space 8704K, 84% used [0x00000000ef100000,0x00000000ef835088,0x00000000ef980000)
  to   space 9216K, 0% used [0x00000000ee800000,0x00000000ee800000,0x00000000ef100000)
 ParOldGen       total 40960K, used 13633K [0x00000000c0000000, 0x00000000c2800000, 0x00000000eaa80000)
  object space 40960K, 33% used [0x00000000c0000000,0x00000000c0d50748,0x00000000c2800000)
 PSPermGen       total 21504K, used 6268K [0x00000000b5a00000, 0x00000000b6f00000, 0x00000000c0000000)
  object space 21504K, 29% used [0x00000000b5a00000,0x00000000b601f1a8,0x00000000b6f00000)

Deoptimization events (10 events):
Event: 6.951 Thread 0x00007f86a4195000 Uncommon trap: reason=unstable_if action=reinterpret pc=0x00007f86a10a2234 method=com.android.dx.util.IntList.binarysearch(I)I @ 105
Event: 8.916 Thread 0x00007f86a4195000 Uncommon trap: reason=unstable_if action=reinterpret pc=0x00007f86a108e1b0 method=com.android.dx.rop.code.RegisterSpec.equals(ILcom/android/dx/rop/type/TypeBearer;Lcom/android/dx/rop/code/LocalItem;)Z @ 42
Event: 35.940 Thread 0x00007f86a41a5800 Uncommon trap: reason=unstable_if action=reinterpret pc=0x00007f86a11bd87c method=java.util.BitSet.ensureCapacity(I)V @ 6
Event: 35.952 Thread 0x00007f86a41a4800 Uncommon trap: reason=unstable_if action=reinterpret pc=0x00007f86a10e0160 method=com.android.dx.ssa.LocalVariableExtractor.processBlock(I)V @ 251
Event: 35.975 Thread 0x00007f86a41a5800 Uncommon trap: reason=unstable_if action=reinterpret pc=0x00007f86a1191464 method=com.android.dx.ssa.LiteralOpUpgrader$1.visitNonMoveInsn(Lcom/android/dx/ssa/NormalSsaInsn;)V @ 176
Event: 36.027 Thread 0x00007f86a41a5800 Uncommon trap: reason=bimorphic action=maybe_recompile pc=0x00007f86a109f784 method=com.android.dx.ssa.LiteralOpUpgrader.tryReplacingWithConstant(Lcom/android/dx/ssa/NormalSsaInsn;)Z @ 62
Event: 36.036 Thread 0x00007f86a41a7000 Uncommon trap: reason=unstable_if action=reinterpret pc=0x00007f86a11c6510 method=java.util.BitSet.ensureCapacity(I)V @ 6
Event: 36.160 Thread 0x00007f86a41a5800 Uncommon trap: reason=class_check action=maybe_recompile pc=0x00007f86a113beb0 method=com.android.dx.ssa.SCCP.replaceConstants()V @ 182
Event: 36.257 Thread 0x00007f86a41a5800 Uncommon trap: reason=class_check action=maybe_recompile pc=0x00007f86a113beb0 method=com.android.dx.ssa.SCCP.replaceConstants()V @ 182
Event: 36.465 Thread 0x00007f86a41a7000 Uncommon trap: reason=unstable_if action=reinterpret pc=0x00007f86a117e650 method=com.android.dx.rop.code.BasicBlockList.preferredSuccessorOf(Lcom/android/dx/rop/code/BasicBlock;)Lcom/android/dx/rop/code/BasicBlock; @ 58

Internal exceptions (10 events):
Event: 2.634 Thread 0x00007f86a41a4800 Implicit null exception at 0x00007f86a107fc92 to 0x00007f86a107fecd
Event: 3.045 Thread 0x00007f86a41a5800 Threw 0x00000000eb352670 at /build/openjdk-7-1hyu6m/openjdk-7-7u91-2.6.3/build/openjdk/hotspot/src/share/vm/prims/jvm.cpp:1322
Event: 3.063 Thread 0x00007f86a4195000 Threw 0x00000000eb2fa298 at /build/openjdk-7-1hyu6m/openjdk-7-7u91-2.6.3/build/openjdk/hotspot/src/share/vm/prims/jvm.cpp:1322
Event: 4.888 Thread 0x00007f86a400a800 Implicit null exception at 0x00007f86a10b9f3f to 0x00007f86a10ba629
Event: 4.929 Thread 0x00007f86a400a800 Threw 0x00000000eab6bed8 at /build/openjdk-7-1hyu6m/openjdk-7-7u91-2.6.3/build/openjdk/hotspot/src/share/vm/prims/jvm.cpp:1322
Event: 5.252 Thread 0x00007f86a41a4800 Implicit null exception at 0x00007f86a10aa0a0 to 0x00007f86a10aad1d
Event: 5.278 Thread 0x00007f86a400a800 Implicit null exception at 0x00007f86a10b6a16 to 0x00007f86a10b7555
Event: 7.952 Thread 0x00007f86a41a4800 Threw 0x00000000ec649038 at /build/openjdk-7-1hyu6m/openjdk-7-7u91-2.6.3/build/openjdk/hotspot/src/share/vm/prims/jvm.cpp:1322
Event: 8.252 Thread 0x00007f86a41a5800 Threw 0x00000000eab608f0 at /build/openjdk-7-1hyu6m/openjdk-7-7u91-2.6.3/build/openjdk/hotspot/src/share/vm/prims/jvm.cpp:1322
Event: 36.747 Thread 0x00007f86a400a800 Threw 0x00000000ee61c400 at /build/openjdk-7-1hyu6m/openjdk-7-7u91-2.6.3/build/openjdk/hotspot/src/share/vm/prims/jvm.cpp:1322

Events (10 events):
Event: 36.257 Thread 0x00007f86a41a5800 DEOPT PACKING pc=0x00007f86a113beb0 sp=0x00007f869c4211d0
Event: 36.257 Thread 0x00007f86a41a5800 DEOPT UNPACKING pc=0x00007f86a1039445 sp=0x00007f869c421130 mode 2
Event: 36.457 Thread 0x00007f86a40ab800 flushing nmethod 0x00007f86a10a1f90
Event: 36.457 Thread 0x00007f86a40ab800 flushing nmethod 0x00007f86a10c83d0
Event: 36.465 Thread 0x00007f86a41a7000 Uncommon trap: trap_request=0xffffff75 fr.pc=0x00007f86a117e650
Event: 36.465 Thread 0x00007f86a41a7000 DEOPT PACKING pc=0x00007f86a117e650 sp=0x00007f869c320360
Event: 36.465 Thread 0x00007f86a41a7000 DEOPT UNPACKING pc=0x00007f86a1039445 sp=0x00007f869c320278 mode 2
Event: 36.746 loading class 0x00007f86a4115a20
Event: 36.746 loading class 0x00007f86a4115a20 done
Event: 36.765 Executing VM operation: ParallelGCFailedAllocation


Dynamic libraries:
00400000-00401000 r-xp 00000000 08:04 6572793                            /usr/lib/jvm/java-7-openjdk-amd64/jre/bin/java
00600000-00601000 r--p 00000000 08:04 6572793                            /usr/lib/jvm/java-7-openjdk-amd64/jre/bin/java
00601000-00602000 rw-p 00001000 08:04 6572793                            /usr/lib/jvm/java-7-openjdk-amd64/jre/bin/java
01d42000-01d63000 rw-p 00000000 00:00 0                                  [heap]
b5a00000-b6f00000 rw-p 00000000 00:00 0 
b6f00000-c0000000 rw-p 00000000 00:00 0 
c0000000-c2800000 rw-p 00000000 00:00 0 
c2800000-eaa80000 rw-p 00000000 00:00 0 
eaa80000-efa80000 rw-p 00000000 00:00 0 
f4180000-100000000 rw-p 00000000 00:00 0 
7f8658000000-7f8658023000 rw-p 00000000 00:00 0 
7f8658023000-7f865c000000 ---p 00000000 00:00 0 
7f865c000000-7f865c021000 rw-p 00000000 00:00 0 
7f865c021000-7f8660000000 ---p 00000000 00:00 0 
7f8660000000-7f8660021000 rw-p 00000000 00:00 0 
7f8660021000-7f8664000000 ---p 00000000 00:00 0 
7f8664000000-7f866402f000 rw-p 00000000 00:00 0 
7f866402f000-7f8668000000 ---p 00000000 00:00 0 
7f8668000000-7f8668021000 rw-p 00000000 00:00 0 
7f8668021000-7f866c000000 ---p 00000000 00:00 0 
7f866c000000-7f866c03a000 rw-p 00000000 00:00 0 
7f866c03a000-7f8670000000 ---p 00000000 00:00 0 
7f8670000000-7f867175a000 rw-p 00000000 00:00 0 
7f867175a000-7f8674000000 ---p 00000000 00:00 0 
7f8674000000-7f8674021000 rw-p 00000000 00:00 0 
7f8674021000-7f8678000000 ---p 00000000 00:00 0 
7f8678000000-7f8678021000 rw-p 00000000 00:00 0 
7f8678021000-7f867c000000 ---p 00000000 00:00 0 
7f867c000000-7f867d23a000 rw-p 00000000 00:00 0 
7f867d23a000-7f8680000000 ---p 00000000 00:00 0 
7f8680000000-7f8680021000 rw-p 00000000 00:00 0 
7f8680021000-7f8684000000 ---p 00000000 00:00 0 
7f8684000000-7f8684021000 rw-p 00000000 00:00 0 
7f8684021000-7f8688000000 ---p 00000000 00:00 0 
7f8688000000-7f8688021000 rw-p 00000000 00:00 0 
7f8688021000-7f868c000000 ---p 00000000 00:00 0 
7f868c000000-7f868c24a000 rw-p 00000000 00:00 0 
7f868c24a000-7f8690000000 ---p 00000000 00:00 0 
7f8690000000-7f8690021000 rw-p 00000000 00:00 0 
7f8690021000-7f8694000000 ---p 00000000 00:00 0 
7f8694000000-7f8694021000 rw-p 00000000 00:00 0 
7f8694021000-7f8698000000 ---p 00000000 00:00 0 
7f8698000000-7f8698021000 rw-p 00000000 00:00 0 
7f8698021000-7f869c000000 ---p 00000000 00:00 0 
7f869c221000-7f869c224000 ---p 00000000 00:00 0 
7f869c224000-7f869c322000 rw-p 00000000 00:00 0                          [stack:11234]
7f869c322000-7f869c325000 ---p 00000000 00:00 0 
7f869c325000-7f869c423000 rw-p 00000000 00:00 0                          [stack:11233]
7f869c423000-7f869c426000 ---p 00000000 00:00 0 
7f869c426000-7f869c524000 rw-p 00000000 00:00 0                          [stack:11229]
7f869c524000-7f869c527000 ---p 00000000 00:00 0 
7f869c527000-7f869c625000 rw-p 00000000 00:00 0                          [stack:11226]
7f869c625000-7f869c628000 ---p 00000000 00:00 0 
7f869c628000-7f869ca27000 rw-p 00000000 00:00 0                          [stack:11222]
7f869ca27000-7f869ca93000 r-xp 00000000 08:04 7358677                    /lib/x86_64-linux-gnu/libpcre.so.3.13.1
7f869ca93000-7f869cc92000 ---p 0006c000 08:04 7358677                    /lib/x86_64-linux-gnu/libpcre.so.3.13.1
7f869cc92000-7f869cc93000 r--p 0006b000 08:04 7358677                    /lib/x86_64-linux-gnu/libpcre.so.3.13.1
7f869cc93000-7f869cc94000 rw-p 0006c000 08:04 7358677                    /lib/x86_64-linux-gnu/libpcre.so.3.13.1
7f869cc94000-7f869cc9b000 r-xp 00000000 08:04 6574895                    /usr/lib/x86_64-linux-gnu/libffi.so.6.0.4
7f869cc9b000-7f869ce9a000 ---p 00007000 08:04 6574895                    /usr/lib/x86_64-linux-gnu/libffi.so.6.0.4
7f869ce9a000-7f869ce9b000 r--p 00006000 08:04 6574895                    /usr/lib/x86_64-linux-gnu/libffi.so.6.0.4
7f869ce9b000-7f869ce9c000 rw-p 00007000 08:04 6574895                    /usr/lib/x86_64-linux-gnu/libffi.so.6.0.4
7f869ce9c000-7f869ceb3000 r-xp 00000000 08:04 7358752                    /lib/x86_64-linux-gnu/libresolv-2.21.so
7f869ceb3000-7f869d0b3000 ---p 00017000 08:04 7358752                    /lib/x86_64-linux-gnu/libresolv-2.21.so
7f869d0b3000-7f869d0b5000 r--p 00017000 08:04 7358752                    /lib/x86_64-linux-gnu/libresolv-2.21.so
7f869d0b5000-7f869d0b6000 rw-p 00019000 08:04 7358752                    /lib/x86_64-linux-gnu/libresolv-2.21.so
7f869d0b6000-7f869d0b8000 rw-p 00000000 00:00 0 
7f869d0b8000-7f869d0d9000 r-xp 00000000 08:04 7358756                    /lib/x86_64-linux-gnu/libselinux.so.1
7f869d0d9000-7f869d2d8000 ---p 00021000 08:04 7358756                    /lib/x86_64-linux-gnu/libselinux.so.1
7f869d2d8000-7f869d2d9000 r--p 00020000 08:04 7358756                    /lib/x86_64-linux-gnu/libselinux.so.1
7f869d2d9000-7f869d2da000 rw-p 00021000 08:04 7358756                    /lib/x86_64-linux-gnu/libselinux.so.1
7f869d2da000-7f869d2dc000 rw-p 00000000 00:00 0 
7f869d2dc000-7f869d2df000 r-xp 00000000 08:04 6566823                    /usr/lib/x86_64-linux-gnu/libgmodule-2.0.so.0.4400.1
7f869d2df000-7f869d4de000 ---p 00003000 08:04 6566823                    /usr/lib/x86_64-linux-gnu/libgmodule-2.0.so.0.4400.1
7f869d4de000-7f869d4df000 r--p 00002000 08:04 6566823                    /usr/lib/x86_64-linux-gnu/libgmodule-2.0.so.0.4400.1
7f869d4df000-7f869d4e0000 rw-p 00003000 08:04 6566823                    /usr/lib/x86_64-linux-gnu/libgmodule-2.0.so.0.4400.1
7f869d4e0000-7f869d5ed000 r-xp 00000000 08:04 7358517                    /lib/x86_64-linux-gnu/libglib-2.0.so.0.4400.1
7f869d5ed000-7f869d7ec000 ---p 0010d000 08:04 7358517                    /lib/x86_64-linux-gnu/libglib-2.0.so.0.4400.1
7f869d7ec000-7f869d7ed000 r--p 0010c000 08:04 7358517                    /lib/x86_64-linux-gnu/libglib-2.0.so.0.4400.1
7f869d7ed000-7f869d7ee000 rw-p 0010d000 08:04 7358517                    /lib/x86_64-linux-gnu/libglib-2.0.so.0.4400.1
7f869d7ee000-7f869d7ef000 rw-p 00000000 00:00 0 
7f869d7ef000-7f869d83f000 r-xp 00000000 08:04 6566783                    /usr/lib/x86_64-linux-gnu/libgobject-2.0.so.0.4400.1
7f869d83f000-7f869da3f000 ---p 00050000 08:04 6566783                    /usr/lib/x86_64-linux-gnu/libgobject-2.0.so.0.4400.1
7f869da3f000-7f869da40000 r--p 00050000 08:04 6566783                    /usr/lib/x86_64-linux-gnu/libgobject-2.0.so.0.4400.1
7f869da40000-7f869da41000 rw-p 00051000 08:04 6566783                    /usr/lib/x86_64-linux-gnu/libgobject-2.0.so.0.4400.1
7f869da41000-7f869dbb9000 r-xp 00000000 08:04 6566805                    /usr/lib/x86_64-linux-gnu/libgio-2.0.so.0.4400.1
7f869dbb9000-7f869ddb9000 ---p 00178000 08:04 6566805                    /usr/lib/x86_64-linux-gnu/libgio-2.0.so.0.4400.1
7f869ddb9000-7f869ddbd000 r--p 00178000 08:04 6566805                    /usr/lib/x86_64-linux-gnu/libgio-2.0.so.0.4400.1
7f869ddbd000-7f869ddbf000 rw-p 0017c000 08:04 6566805                    /usr/lib/x86_64-linux-gnu/libgio-2.0.so.0.4400.1
7f869ddbf000-7f869ddc1000 rw-p 00000000 00:00 0 
7f869ddc1000-7f869ddd9000 r-xp 00000000 08:04 6572848                    /usr/lib/jvm/java-7-openjdk-amd64/jre/lib/amd64/libnet.so
7f869ddd9000-7f869dfd8000 ---p 00018000 08:04 6572848                    /usr/lib/jvm/java-7-openjdk-amd64/jre/lib/amd64/libnet.so
7f869dfd8000-7f869dfd9000 r--p 00017000 08:04 6572848                    /usr/lib/jvm/java-7-openjdk-amd64/jre/lib/amd64/libnet.so
7f869dfd9000-7f869dfda000 rw-p 00018000 08:04 6572848                    /usr/lib/jvm/java-7-openjdk-amd64/jre/lib/amd64/libnet.so
7f869dfda000-7f869dfeb000 r-xp 00000000 08:04 6572818                    /usr/lib/jvm/java-7-openjdk-amd64/jre/lib/amd64/libnio.so
7f869dfeb000-7f869e1ea000 ---p 00011000 08:04 6572818                    /usr/lib/jvm/java-7-openjdk-amd64/jre/lib/amd64/libnio.so
7f869e1ea000-7f869e1eb000 r--p 00010000 08:04 6572818                    /usr/lib/jvm/java-7-openjdk-amd64/jre/lib/amd64/libnio.so
7f869e1eb000-7f869e1ec000 rw-p 00011000 08:04 6572818                    /usr/lib/jvm/java-7-openjdk-amd64/jre/lib/amd64/libnio.so
7f869e1ec000-7f869e1ed000 ---p 00000000 00:00 0 
7f869e1ed000-7f869e2ed000 rw-p 00000000 00:00 0                          [stack:11218]
7f869e2ed000-7f869e2f0000 ---p 00000000 00:00 0 
7f869e2f0000-7f869e3ee000 rw-p 00000000 00:00 0                          [stack:11216]
7f869e3ee000-7f869ead0000 r--p 00000000 08:04 6573633                    /usr/lib/locale/locale-archive
7f869ead0000-7f86a1000000 rw-p 00000000 00:00 0 
7f86a1000000-7f86a1270000 rwxp 00000000 00:00 0 
7f86a1270000-7f86a41e2000 rw-p 00000000 00:00 0 
7f86a41e2000-7f86a8000000 ---p 00000000 00:00 0 
7f86a8083000-7f86a808d000 r--s 00085000 08:04 14448906                   /home/shubhanshu/AndroidStudioProjects/MyApplication7/app/build/intermediates/exploded-aar/com.android.support/appcompat-v7/22.2.1/jars/classes.jar
7f86a808d000-7f86a809c000 r--s 000df000 08:04 14979628                   /home/shubhanshu/Android/Sdk/build-tools/23.0.2/lib/dx.jar
7f86a809c000-7f86a809f000 ---p 00000000 00:00 0 
7f86a809f000-7f86a819d000 rw-p 00000000 00:00 0                          [stack:11213]
7f86a819d000-7f86a81a0000 ---p 00000000 00:00 0 
7f86a81a0000-7f86a829e000 rw-p 00000000 00:00 0                          [stack:11203]
7f86a829e000-7f86a82a1000 ---p 00000000 00:00 0 
7f86a82a1000-7f86a839f000 rw-p 00000000 00:00 0                          [stack:11199]
7f86a839f000-7f86a83a2000 ---p 00000000 00:00 0 
7f86a83a2000-7f86a84a0000 rw-p 00000000 00:00 0                          [stack:11198]
7f86a84a0000-7f86a84a3000 ---p 00000000 00:00 0 
7f86a84a3000-7f86a85a1000 rw-p 00000000 00:00 0                          [stack:11197]
7f86a85a1000-7f86a85a2000 ---p 00000000 00:00 0 
7f86a85a2000-7f86a969f000 rw-p 00000000 00:00 0                          [stack:11190]
7f86a969f000-7f86a9851000 r--s 01d2e000 08:04 6572812                    /usr/lib/jvm/java-7-openjdk-amd64/jre/lib/rt.jar
7f86a9851000-7f86a9b9d000 rw-p 00000000 00:00 0 
7f86a9b9d000-7f86a9b9e000 ---p 00000000 00:00 0 
7f86a9b9e000-7f86a9c9e000 rw-p 00000000 00:00 0                          [stack:11186]
7f86a9c9e000-7f86a9c9f000 ---p 00000000 00:00 0 
7f86a9c9f000-7f86a9d9f000 rw-p 00000000 00:00 0                          [stack:11184]
7f86a9d9f000-7f86a9da0000 ---p 00000000 00:00 0 
7f86a9da0000-7f86a9ea0000 rw-p 00000000 00:00 0                          [stack:11182]
7f86a9ea0000-7f86a9ea1000 ---p 00000000 00:00 0 
7f86a9ea1000-7f86a9fac000 rw-p 00000000 00:00 0                          [stack:11180]
7f86a9fac000-7f86a9ff4000 rw-p 00000000 00:00 0 
7f86a9ff4000-7f86aa008000 rw-p 00000000 00:00 0 
7f86aa008000-7f86aa14a000 rw-p 00000000 00:00 0 
7f86aa14a000-7f86aa155000 rw-p 00000000 00:00 0 
7f86aa155000-7f86aa19d000 rw-p 00000000 00:00 0 
7f86aa19d000-7f86aa1b1000 rw-p 00000000 00:00 0 
7f86aa1b1000-7f86aa2f2000 rw-p 00000000 00:00 0 
7f86aa2f2000-7f86aa31b000 rw-p 00000000 00:00 0 
7f86aa31b000-7f86aa39d000 rw-p 00000000 00:00 0 
7f86aa39d000-7f86aa39e000 rw-p 00000000 00:00 0 
7f86aa39e000-7f86aa3a6000 r-xp 00000000 08:04 6572822                    /usr/lib/jvm/java-7-openjdk-amd64/jre/lib/amd64/libzip.so
7f86aa3a6000-7f86aa5a5000 ---p 00008000 08:04 6572822                    /usr/lib/jvm/java-7-openjdk-amd64/jre/lib/amd64/libzip.so
7f86aa5a5000-7f86aa5a6000 r--p 00007000 08:04 6572822                    /usr/lib/jvm/java-7-openjdk-amd64/jre/lib/amd64/libzip.so
7f86aa5a6000-7f86aa5a7000 rw-p 00008000 08:04 6572822                    /usr/lib/jvm/java-7-openjdk-amd64/jre/lib/amd64/libzip.so
7f86aa5a7000-7f86aa5b3000 r-xp 00000000 08:04 7358699                    /lib/x86_64-linux-gnu/libnss_files-2.21.so
7f86aa5b3000-7f86aa7b2000 ---p 0000c000 08:04 7358699                    /lib/x86_64-linux-gnu/libnss_files-2.21.so
7f86aa7b2000-7f86aa7b3000 r--p 0000b000 08:04 7358699                    /lib/x86_64-linux-gnu/libnss_files-2.21.so
7f86aa7b3000-7f86aa7b4000 rw-p 0000c000 08:04 7358699                    /lib/x86_64-linux-gnu/libnss_files-2.21.so
7f86aa7b4000-7f86aa7bf000 r-xp 00000000 08:04 7358709                    /lib/x86_64-linux-gnu/libnss_nis-2.21.so
7f86aa7bf000-7f86aa9be000 ---p 0000b000 08:04 7358709                    /lib/x86_64-linux-gnu/libnss_nis-2.21.so
7f86aa9be000-7f86aa9bf000 r--p 0000a000 08:04 7358709                    /lib/x86_64-linux-gnu/libnss_nis-2.21.so
7f86aa9bf000-7f86aa9c0000 rw-p 0000b000 08:04 7358709                    /lib/x86_64-linux-gnu/libnss_nis-2.21.so
7f86aa9c0000-7f86aa9d7000 r-xp 00000000 08:04 7358693                    /lib/x86_64-linux-gnu/libnsl-2.21.so
7f86aa9d7000-7f86aabd6000 ---p 00017000 08:04 7358693                    /lib/x86_64-linux-gnu/libnsl-2.21.so
7f86aabd6000-7f86aabd7000 r--p 00016000 08:04 7358693                    /lib/x86_64-linux-gnu/libnsl-2.21.so
7f86aabd7000-7f86aabd8000 rw-p 00017000 08:04 7358693                    /lib/x86_64-linux-gnu/libnsl-2.21.so
7f86aabd8000-7f86aabda000 rw-p 00000000 00:00 0 
7f86aabda000-7f86aabe2000 r-xp 00000000 08:04 7358695                    /lib/x86_64-linux-gnu/libnss_compat-2.21.so
7f86aabe2000-7f86aade1000 ---p 00008000 08:04 7358695                    /lib/x86_64-linux-gnu/libnss_compat-2.21.so
7f86aade1000-7f86aade2000 r--p 00007000 08:04 7358695                    /lib/x86_64-linux-gnu/libnss_compat-2.21.so
7f86aade2000-7f86aade3000 rw-p 00008000 08:04 7358695                    /lib/x86_64-linux-gnu/libnss_compat-2.21.so
7f86aade3000-7f86aae10000 r-xp 00000000 08:04 6572830                    /usr/lib/jvm/java-7-openjdk-amd64/jre/lib/amd64/libjava.so
7f86aae10000-7f86ab00f000 ---p 0002d000 08:04 6572830                    /usr/lib/jvm/java-7-openjdk-amd64/jre/lib/amd64/libjava.so
7f86ab00f000-7f86ab010000 r--p 0002c000 08:04 6572830                    /usr/lib/jvm/java-7-openjdk-amd64/jre/lib/amd64/libjava.so
7f86ab010000-7f86ab012000 rw-p 0002d000 08:04 6572830                    /usr/lib/jvm/java-7-openjdk-amd64/jre/lib/amd64/libjava.so
7f86ab012000-7f86ab021000 r-xp 00000000 08:04 6572844                    /usr/lib/jvm/java-7-openjdk-amd64/jre/lib/amd64/libverify.so
7f86ab021000-7f86ab220000 ---p 0000f000 08:04 6572844                    /usr/lib/jvm/java-7-openjdk-amd64/jre/lib/amd64/libverify.so
7f86ab220000-7f86ab223000 r--p 0000e000 08:04 6572844                    /usr/lib/jvm/java-7-openjdk-amd64/jre/lib/amd64/libverify.so
7f86ab223000-7f86ab224000 rw-p 00011000 08:04 6572844                    /usr/lib/jvm/java-7-openjdk-amd64/jre/lib/amd64/libverify.so
7f86ab224000-7f86ab22b000 r-xp 00000000 08:04 7358754                    /lib/x86_64-linux-gnu/librt-2.21.so
7f86ab22b000-7f86ab42a000 ---p 00007000 08:04 7358754                    /lib/x86_64-linux-gnu/librt-2.21.so
7f86ab42a000-7f86ab42b000 r--p 00006000 08:04 7358754                    /lib/x86_64-linux-gnu/librt-2.21.so
7f86ab42b000-7f86ab42c000 rw-p 00007000 08:04 7358754                    /lib/x86_64-linux-gnu/librt-2.21.so
7f86ab42c000-7f86ab442000 r-xp 00000000 08:04 7358563                    /lib/x86_64-linux-gnu/libgcc_s.so.1
7f86ab442000-7f86ab641000 ---p 00016000 08:04 7358563                    /lib/x86_64-linux-gnu/libgcc_s.so.1
7f86ab641000-7f86ab642000 rw-p 00015000 08:04 7358563                    /lib/x86_64-linux-gnu/libgcc_s.so.1
7f86ab642000-7f86ab749000 r-xp 00000000 08:04 7358672                    /lib/x86_64-linux-gnu/libm-2.21.so
7f86ab749000-7f86ab948000 ---p 00107000 08:04 7358672                    /lib/x86_64-linux-gnu/libm-2.21.so
7f86ab948000-7f86ab949000 r--p 00106000 08:04 7358672                    /lib/x86_64-linux-gnu/libm-2.21.so
7f86ab949000-7f86ab94a000 rw-p 00107000 08:04 7358672                    /lib/x86_64-linux-gnu/libm-2.21.so
7f86ab94a000-7f86aba3a000 r-xp 00000000 08:04 6575568                    /usr/lib/x86_64-linux-gnu/libstdc++.so.6.0.20
7f86aba3a000-7f86abc3a000 ---p 000f0000 08:04 6575568                    /usr/lib/x86_64-linux-gnu/libstdc++.so.6.0.20
7f86abc3a000-7f86abc42000 r--p 000f0000 08:04 6575568                    /usr/lib/x86_64-linux-gnu/libstdc++.so.6.0.20
7f86abc42000-7f86abc44000 rw-p 000f8000 08:04 6575568                    /usr/lib/x86_64-linux-gnu/libstdc++.so.6.0.20
7f86abc44000-7f86abc59000 rw-p 00000000 00:00 0 
7f86abc59000-7f86ac7b9000 r-xp 00000000 08:04 6572836                    /usr/lib/jvm/java-7-openjdk-amd64/jre/lib/amd64/server/libjvm.so
7f86ac7b9000-7f86ac9b9000 ---p 00b60000 08:04 6572836                    /usr/lib/jvm/java-7-openjdk-amd64/jre/lib/amd64/server/libjvm.so
7f86ac9b9000-7f86aca58000 r--p 00b60000 08:04 6572836                    /usr/lib/jvm/java-7-openjdk-amd64/jre/lib/amd64/server/libjvm.so
7f86aca58000-7f86aca7b000 rw-p 00bff000 08:04 6572836                    /usr/lib/jvm/java-7-openjdk-amd64/jre/lib/amd64/server/libjvm.so
7f86aca7b000-7f86acaa8000 rw-p 00000000 00:00 0 
7f86acaa8000-7f86acac1000 r-xp 00000000 08:04 7358787                    /lib/x86_64-linux-gnu/libz.so.1.2.8
7f86acac1000-7f86accc1000 ---p 00019000 08:04 7358787                    /lib/x86_64-linux-gnu/libz.so.1.2.8
7f86accc1000-7f86accc2000 r--p 00019000 08:04 7358787                    /lib/x86_64-linux-gnu/libz.so.1.2.8
7f86accc2000-7f86accc3000 rw-p 0001a000 08:04 7358787                    /lib/x86_64-linux-gnu/libz.so.1.2.8
7f86accc3000-7f86accdb000 r-xp 00000000 08:04 7358746                    /lib/x86_64-linux-gnu/libpthread-2.21.so
7f86accdb000-7f86acedb000 ---p 00018000 08:04 7358746                    /lib/x86_64-linux-gnu/libpthread-2.21.so
7f86acedb000-7f86acedc000 r--p 00018000 08:04 7358746                    /lib/x86_64-linux-gnu/libpthread-2.21.so
7f86acedc000-7f86acedd000 rw-p 00019000 08:04 7358746                    /lib/x86_64-linux-gnu/libpthread-2.21.so
7f86acedd000-7f86acee1000 rw-p 00000000 00:00 0 
7f86acee1000-7f86acee4000 r-xp 00000000 08:04 7358630                    /lib/x86_64-linux-gnu/libdl-2.21.so
7f86acee4000-7f86ad0e3000 ---p 00003000 08:04 7358630                    /lib/x86_64-linux-gnu/libdl-2.21.so
7f86ad0e3000-7f86ad0e4000 r--p 00002000 08:04 7358630                    /lib/x86_64-linux-gnu/libdl-2.21.so
7f86ad0e4000-7f86ad0e5000 rw-p 00003000 08:04 7358630                    /lib/x86_64-linux-gnu/libdl-2.21.so
7f86ad0e5000-7f86ad2a5000 r-xp 00000000 08:04 7358613                    /lib/x86_64-linux-gnu/libc-2.21.so
7f86ad2a5000-7f86ad4a5000 ---p 001c0000 08:04 7358613                    /lib/x86_64-linux-gnu/libc-2.21.so
7f86ad4a5000-7f86ad4a9000 r--p 001c0000 08:04 7358613                    /lib/x86_64-linux-gnu/libc-2.21.so
7f86ad4a9000-7f86ad4ab000 rw-p 001c4000 08:04 7358613                    /lib/x86_64-linux-gnu/libc-2.21.so
7f86ad4ab000-7f86ad4af000 rw-p 00000000 00:00 0 
7f86ad4af000-7f86ad4bc000 r-xp 00000000 08:04 6572845                    /usr/lib/jvm/java-7-openjdk-amd64/jre/lib/amd64/jli/libjli.so
7f86ad4bc000-7f86ad6bb000 ---p 0000d000 08:04 6572845                    /usr/lib/jvm/java-7-openjdk-amd64/jre/lib/amd64/jli/libjli.so
7f86ad6bb000-7f86ad6bc000 r--p 0000c000 08:04 6572845                    /usr/lib/jvm/java-7-openjdk-amd64/jre/lib/amd64/jli/libjli.so
7f86ad6bc000-7f86ad6bd000 rw-p 0000d000 08:04 6572845                    /usr/lib/jvm/java-7-openjdk-amd64/jre/lib/amd64/jli/libjli.so
7f86ad6bd000-7f86ad6e1000 r-xp 00000000 08:04 7358585                    /lib/x86_64-linux-gnu/ld-2.21.so
7f86ad6e1000-7f86ad6e2000 rw-p 00000000 00:00 0 
7f86ad6e2000-7f86ad6e6000 r--s 00085000 08:04 6572805                    /usr/lib/jvm/java-7-openjdk-amd64/jre/lib/ext/localedata.jar
7f86ad6e6000-7f86ad708000 rw-p 00000000 00:00 0 
7f86ad708000-7f86ad7be000 rw-p 00000000 00:00 0 
7f86ad7be000-7f86ad7c1000 ---p 00000000 00:00 0 
7f86ad7c1000-7f86ad8c4000 rw-p 00000000 00:00 0                          [stack:11169]
7f86ad8c4000-7f86ad8c5000 r--s 00002000 08:04 6572809                    /usr/lib/jvm/java-7-openjdk-amd64/jre/lib/ext/dnsns.jar
7f86ad8c5000-7f86ad8c7000 r--s 00006000 08:04 7104393                    /usr/share/java/java-atk-wrapper.jar
7f86ad8c7000-7f86ad8ca000 r--s 0000f000 08:04 6572806                    /usr/lib/jvm/java-7-openjdk-amd64/jre/lib/ext/icedtea-sound.jar
7f86ad8ca000-7f86ad8ce000 r--s 0003c000 08:04 6572808                    /usr/lib/jvm/java-7-openjdk-amd64/jre/lib/ext/sunpkcs11.jar
7f86ad8ce000-7f86ad8d2000 r--s 00034000 08:04 6572807                    /usr/lib/jvm/java-7-openjdk-amd64/jre/lib/ext/sunjce_provider.jar
7f86ad8d2000-7f86ad8d4000 r--s 00012000 08:04 6572804                    /usr/lib/jvm/java-7-openjdk-amd64/jre/lib/ext/zipfs.jar
7f86ad8d4000-7f86ad8dc000 rw-s 00000000 08:04 10903465                   /tmp/hsperfdata_shubhanshu/11159
7f86ad8dc000-7f86ad8dd000 rw-p 00000000 00:00 0 
7f86ad8dd000-7f86ad8de000 ---p 00000000 00:00 0 
7f86ad8de000-7f86ad8e0000 rw-p 00000000 00:00 0 
7f86ad8e0000-7f86ad8e1000 r--p 00023000 08:04 7358585                    /lib/x86_64-linux-gnu/ld-2.21.so
7f86ad8e1000-7f86ad8e2000 rw-p 00024000 08:04 7358585                    /lib/x86_64-linux-gnu/ld-2.21.so
7f86ad8e2000-7f86ad8e3000 rw-p 00000000 00:00 0 
7ffe5e59b000-7ffe5e5bc000 rw-p 00000000 00:00 0                          [stack]
7ffe5e5fa000-7ffe5e5fc000 r--p 00000000 00:00 0                          [vvar]
7ffe5e5fc000-7ffe5e5fe000 r-xp 00000000 00:00 0                          [vdso]
ffffffffff600000-ffffffffff601000 r-xp 00000000 00:00 0                  [vsyscall]

VM Arguments:
jvm_args: -Djava.awt.headless=true -Xmx1024M -Dfile.encoding=UTF-8 -Duser.country=IN -Duser.language=en -Duser.variant 
java_command: com.android.dx.command.Main --dex --num-threads=4 --output /home/shubhanshu/AndroidStudioProjects/MyApplication7/app/build/intermediates/pre-dexed/debug/com.android.support-appcompat-v7-22.2.1_59d71cf04e662ca825ca4e482866ea2c7c257794.jar /home/shubhanshu/AndroidStudioProjects/MyApplication7/app/build/intermediates/exploded-aar/com.android.support/appcompat-v7/22.2.1/jars/classes.jar
Launcher Type: SUN_STANDARD

Environment Variables:
PATH=/usr/local/sbin:/usr/local/bin:/usr/sbin:/usr/bin:/sbin:/bin:/usr/games:/usr/local/games
SHELL=/bin/bash
DISPLAY=:0

Signal Handlers:
SIGSEGV: [libjvm.so+0x992590], sa_mask[0]=0x7ffbfeff, sa_flags=0x10000004
SIGBUS: [libjvm.so+0x992590], sa_mask[0]=0x7ffbfeff, sa_flags=0x10000004
SIGFPE: [libjvm.so+0x7fec60], sa_mask[0]=0x7ffbfeff, sa_flags=0x10000004
SIGPIPE: [libjvm.so+0x7fec60], sa_mask[0]=0x7ffbfeff, sa_flags=0x10000004
SIGXFSZ: [libjvm.so+0x7fec60], sa_mask[0]=0x7ffbfeff, sa_flags=0x10000004
SIGILL: [libjvm.so+0x7fec60], sa_mask[0]=0x7ffbfeff, sa_flags=0x10000004
SIGUSR1: SIG_DFL, sa_mask[0]=0x00000000, sa_flags=0x00000000
SIGUSR2: [libjvm.so+0x7feae0], sa_mask[0]=0x00000004, sa_flags=0x10000004
SIGHUP: [libjvm.so+0x7fece0], sa_mask[0]=0x7ffbfeff, sa_flags=0x10000004
SIGINT: [libjvm.so+0x7fece0], sa_mask[0]=0x7ffbfeff, sa_flags=0x10000004
SIGTERM: [libjvm.so+0x7fece0], sa_mask[0]=0x7ffbfeff, sa_flags=0x10000004
SIGQUIT: [libjvm.so+0x7fece0], sa_mask[0]=0x7ffbfeff, sa_flags=0x10000004
SIGTRAP: SIG_DFL, sa_mask[0]=0x00000000, sa_flags=0x00000000


---------------  S Y S T E M  ---------------

OS:Ubuntu 15.04 (vivid)
uname:Linux 3.19.0-47-generic #53-Ubuntu SMP Mon Jan 18 14:02:48 UTC 2016 x86_64
libc:glibc 2.21 NPTL 2.21 
rlimit: STACK 8192k, CORE 0k, NPROC 15404, NOFILE 65536, AS infinity
load average:19.07 5.51 2.27

/proc/meminfo:
MemTotal:        3965776 kB
MemFree:          108504 kB
MemAvailable:      62412 kB
Buffers:            1196 kB
Cached:           356576 kB
SwapCached:            0 kB
Active:          3399100 kB
Inactive:         293524 kB
Active(anon):    3377112 kB
Inactive(anon):   270592 kB
Active(file):      21988 kB
Inactive(file):    22932 kB
Unevictable:          32 kB
Mlocked:              32 kB
SwapTotal:             0 kB
SwapFree:              0 kB
Dirty:               176 kB
Writeback:             0 kB
AnonPages:       3335388 kB
Mapped:           108080 kB
Shmem:            312364 kB
Slab:              65236 kB
SReclaimable:      31824 kB
SUnreclaim:        33412 kB
KernelStack:        9264 kB
PageTables:        34560 kB
NFS_Unstable:          0 kB
Bounce:                0 kB
WritebackTmp:          0 kB
CommitLimit:     1982888 kB
Committed_AS:    6890304 kB
VmallocTotal:   34359738367 kB
VmallocUsed:      550640 kB
VmallocChunk:   34359177180 kB
HardwareCorrupted:     0 kB
AnonHugePages:   2154496 kB
CmaTotal:              0 kB
CmaFree:               0 kB
HugePages_Total:       0
HugePages_Free:        0
HugePages_Rsvd:        0
HugePages_Surp:        0
Hugepagesize:       2048 kB
DirectMap4k:      152640 kB
DirectMap2M:     3960832 kB
DirectMap1G:     1048576 kB


CPU:total 4 (2 cores per cpu, 2 threads per core) family 6 model 61 stepping 4, cmov, cx8, fxsr, mmx, sse, sse2, sse3, ssse3, sse4.1, sse4.2, popcnt, avx, avx2, aes, erms, ht, tsc, tscinvbit

/proc/cpuinfo:
processor	: 0
vendor_id	: GenuineIntel
cpu family	: 6
model		: 61
model name	: Intel(R) Core(TM) i5-5200U CPU @ 2.20GHz
stepping	: 4
microcode	: 0x12
cpu MHz		: 2154.539
cache size	: 3072 KB
physical id	: 0
siblings	: 4
core id		: 0
cpu cores	: 2
apicid		: 0
initial apicid	: 0
fpu		: yes
fpu_exception	: yes
cpuid level	: 20
wp		: yes
flags		: fpu vme de pse tsc msr pae mce cx8 apic sep mtrr pge mca cmov pat pse36 clflush dts acpi mmx fxsr sse sse2 ss ht tm pbe syscall nx pdpe1gb rdtscp lm constant_tsc arch_perfmon pebs bts rep_good nopl xtopology nonstop_tsc aperfmperf eagerfpu pni pclmulqdq dtes64 monitor ds_cpl vmx est tm2 ssse3 fma cx16 xtpr pdcm pcid sse4_1 sse4_2 x2apic movbe popcnt tsc_deadline_timer aes xsave avx f16c rdrand lahf_lm abm 3dnowprefetch ida arat epb pln pts dtherm tpr_shadow vnmi flexpriority ept vpid fsgsbase tsc_adjust bmi1 avx2 smep bmi2 erms invpcid rdseed adx smap xsaveopt
bugs		:
bogomips	: 4389.87
clflush size	: 64
cache_alignment	: 64
address sizes	: 39 bits physical, 48 bits virtual
power management:

processor	: 1
vendor_id	: GenuineIntel
cpu family	: 6
model		: 61
model name	: Intel(R) Core(TM) i5-5200U CPU @ 2.20GHz
stepping	: 4
microcode	: 0x12
cpu MHz		: 2497.257
cache size	: 3072 KB
physical id	: 0
siblings	: 4
core id		: 1
cpu cores	: 2
apicid		: 2
initial apicid	: 2
fpu		: yes
fpu_exception	: yes
cpuid level	: 20
wp		: yes
flags		: fpu vme de pse tsc msr pae mce cx8 apic sep mtrr pge mca cmov pat pse36 clflush dts acpi mmx fxsr sse sse2 ss ht tm pbe syscall nx pdpe1gb rdtscp lm constant_tsc arch_perfmon pebs bts rep_good nopl xtopology nonstop_tsc aperfmperf eagerfpu pni pclmulqdq dtes64 monitor ds_cpl vmx est tm2 ssse3 fma cx16 xtpr pdcm pcid sse4_1 sse4_2 x2apic movbe popcnt tsc_deadline_timer aes xsave avx f16c rdrand lahf_lm abm 3dnowprefetch ida arat epb pln pts dtherm tpr_shadow vnmi flexpriority ept vpid fsgsbase tsc_adjust bmi1 avx2 smep bmi2 erms invpcid rdseed adx smap xsaveopt
bugs		:
bogomips	: 4389.87
clflush size	: 64
cache_alignment	: 64
address sizes	: 39 bits physical, 48 bits virtual
power management:

processor	: 2
vendor_id	: GenuineIntel
cpu family	: 6
model		: 61
model name	: Intel(R) Core(TM) i5-5200U CPU @ 2.20GHz
stepping	: 4
microcode	: 0x12
cpu MHz		: 2605.539
cache size	: 3072 KB
physical id	: 0
siblings	: 4
core id		: 0
cpu cores	: 2
apicid		: 1
initial apicid	: 1
fpu		: yes
fpu_exception	: yes
cpuid level	: 20
wp		: yes
flags		: fpu vme de pse tsc msr pae mce cx8 apic sep mtrr pge mca cmov pat pse36 clflush dts acpi mmx fxsr sse sse2 ss ht tm pbe syscall nx pdpe1gb rdtscp lm constant_tsc arch_perfmon pebs bts rep_good nopl xtopology nonstop_tsc aperfmperf eagerfpu pni pclmulqdq dtes64 monitor ds_cpl vmx est tm2 ssse3 fma cx16 xtpr pdcm pcid sse4_1 sse4_2 x2apic movbe popcnt tsc_deadline_timer aes xsave avx f16c rdrand lahf_lm abm 3dnowprefetch ida arat epb pln pts dtherm tpr_shadow vnmi flexpriority ept vpid fsgsbase tsc_adjust bmi1 avx2 smep bmi2 erms invpcid rdseed adx smap xsaveopt
bugs		:
bogomips	: 4389.87
clflush size	: 64
cache_alignment	: 64
address sizes	: 39 bits physical, 48 bits virtual
power management:

processor	: 3
vendor_id	: GenuineIntel
cpu family	: 6
model		: 61
model name	: Intel(R) Core(TM) i5-5200U CPU @ 2.20GHz
stepping	: 4
microcode	: 0x12
cpu MHz		: 2050.812
cache size	: 3072 KB
physical id	: 0
siblings	: 4
core id		: 1
cpu cores	: 2
apicid		: 3
initial apicid	: 3
fpu		: yes
fpu_exception	: yes
cpuid level	: 20
wp		: yes
flags		: fpu vme de pse tsc msr pae mce cx8 apic sep mtrr pge mca cmov pat pse36 clflush dts acpi mmx fxsr sse sse2 ss ht tm pbe syscall nx pdpe1gb rdtscp lm constant_tsc arch_perfmon pebs bts rep_good nopl xtopology nonstop_tsc aperfmperf eagerfpu pni pclmulqdq dtes64 monitor ds_cpl vmx est tm2 ssse3 fma cx16 xtpr pdcm pcid sse4_1 sse4_2 x2apic movbe popcnt tsc_deadline_timer aes xsave avx f16c rdrand lahf_lm abm 3dnowprefetch ida arat epb pln pts dtherm tpr_shadow vnmi flexpriority ept vpid fsgsbase tsc_adjust bmi1 avx2 smep bmi2 erms invpcid rdseed adx smap xsaveopt
bugs		:
bogomips	: 4389.87
clflush size	: 64
cache_alignment	: 64
address sizes	: 39 bits physical, 48 bits virtual
power management:



Memory: 4k page, physical 3965776k(108504k free), swap 0k(0k free)

vm_info: OpenJDK 64-Bit Server VM (24.91-b01) for linux-amd64 JRE (1.7.0_91-b02), built on Nov 19 2015 06:08:55 by "buildd" with gcc 4.9.2

time: Sat Sep  3 18:23:59 2016
elapsed time: 38 seconds

