#
# There is insufficient memory for the Java Runtime Environment to continue.
# Native memory allocation (malloc) failed to allocate 74448896 bytes for committing reserved memory.
# Possible reasons:
#   The system is out of physical RAM or swap space
#   In 32 bit mode, the process size limit was hit
# Possible solutions:
#   Reduce memory load on the system
#   Increase physical memory or swap space
#   Check if swap backing store is full
#   Use 64 bit Java on a 64 bit OS
#   Decrease Java heap size (-Xmx/-Xms)
#   Decrease number of Java threads
#   Decrease Java thread stack sizes (-Xss)
#   Set larger code cache with -XX:ReservedCodeCacheSize=
# This output file may be truncated or incomplete.
#
#  Out of Memory Error (os_linux.cpp:2827), pid=11869, tid=140072716080896
#
# JRE version: OpenJDK Runtime Environment (7.0_91-b02) (build 1.7.0_91-b02)
# Java VM: OpenJDK 64-Bit Server VM (24.91-b01 mixed mode linux-amd64 compressed oops)
# Derivative: IcedTea 2.6.3
# Distribution: Ubuntu 15.04, package 7u91-2.6.3-0ubuntu0.15.04.1
# Failed to write core dump. Core dumps have been disabled. To enable core dumping, try "ulimit -c unlimited" before starting Java again
#

---------------  T H R E A D  ---------------

Current thread (0x00007f6534076000):  VMThread [stack: 0x00007f65386c1000,0x00007f65387c2000] [id=11907]

Stack: [0x00007f65386c1000,0x00007f65387c2000],  sp=0x00007f65387c0530,  free space=1021k
Native frames: (J=compiled Java code, j=interpreted, Vv=VM code, C=native code)
V  [libjvm.so+0x991aa6]  VMError::report_and_die()+0x186
V  [libjvm.so+0x4934c2]  report_vm_out_of_memory(char const*, int, unsigned long, char const*)+0x92
V  [libjvm.so+0x80371b]  os::pd_commit_memory(char*, unsigned long, unsigned long, bool)+0xeb
V  [libjvm.so+0x7fddfe]  os::commit_memory(char*, unsigned long, unsigned long, bool)+0x2e
V  [libjvm.so+0x871c0b]  PSVirtualSpace::expand_by(unsigned long)+0x5b
V  [libjvm.so+0x872ac3]  PSYoungGen::resize_generation(unsigned long, unsigned long)+0xd3
V  [libjvm.so+0x8731db]  PSYoungGen::resize(unsigned long, unsigned long)+0x1b
V  [libjvm.so+0x86eb41]  PSScavenge::invoke_no_policy()+0xd51
V  [libjvm.so+0x86f3b8]  PSScavenge::invoke()+0x38
V  [libjvm.so+0x9932d5]  VM_ParallelGCSystemGC::doit()+0x125
V  [libjvm.so+0x9977f7]  VM_Operation::evaluate()+0x47
V  [libjvm.so+0x995f6b]  VMThread::evaluate_operation(VM_Operation*)+0xab
V  [libjvm.so+0x996616]  VMThread::loop()+0x1e6
V  [libjvm.so+0x996ae1]  VMThread::run()+0x81
V  [libjvm.so+0x800642]  java_start(Thread*)+0xf2

VM_Operation (0x00007f653d9dd230): ParallelGCSystemGC, mode: safepoint, requested by thread 0x00007f653400a800


---------------  P R O C E S S  ---------------

Java Threads: ( => current thread )
  0x00007f653419c800 JavaThread "pool-1-thread-4" [_thread_blocked, id=11955, stack(0x00007f652c322000,0x00007f652c423000)]
  0x00007f653419a800 JavaThread "pool-1-thread-3" [_thread_blocked, id=11954, stack(0x00007f652c423000,0x00007f652c524000)]
  0x00007f6534199800 JavaThread "pool-1-thread-2" [_thread_blocked, id=11953, stack(0x00007f652c524000,0x00007f652c625000)]
  0x00007f6534197000 JavaThread "pool-2-thread-1" [_thread_blocked, id=11951, stack(0x00007f652c625000,0x00007f652c726000)]
  0x00007f6534193000 JavaThread "pool-1-thread-1" [_thread_blocked, id=11950, stack(0x00007f652c726000,0x00007f652c827000)]
  0x00007f65340af000 JavaThread "Service Thread" daemon [_thread_blocked, id=11936, stack(0x00007f65380bb000,0x00007f65381bc000)]
  0x00007f65340ac800 JavaThread "C2 CompilerThread1" daemon [_thread_blocked, id=11933, stack(0x00007f65381bc000,0x00007f65382bd000)]
  0x00007f65340a9800 JavaThread "C2 CompilerThread0" daemon [_thread_blocked, id=11925, stack(0x00007f65382bd000,0x00007f65383be000)]
  0x00007f65340a7800 JavaThread "Signal Dispatcher" daemon [_thread_blocked, id=11918, stack(0x00007f65383be000,0x00007f65384bf000)]
  0x00007f653407c800 JavaThread "Finalizer" daemon [_thread_blocked, id=11914, stack(0x00007f65384bf000,0x00007f65385c0000)]
  0x00007f653407a800 JavaThread "Reference Handler" daemon [_thread_blocked, id=11912, stack(0x00007f65385c0000,0x00007f65386c1000)]
  0x00007f653400a800 JavaThread "main" [_thread_blocked, id=11888, stack(0x00007f653d8de000,0x00007f653d9df000)]

Other Threads:
=>0x00007f6534076000 VMThread [stack: 0x00007f65386c1000,0x00007f65387c2000] [id=11907]
  0x00007f65340b9800 WatcherThread [stack: 0x00007f652e2ed000,0x00007f652e3ee000] [id=11937]

VM state:at safepoint (normal execution)

VM Mutex/Monitor currently owned by a thread:  ([mutex/lock_event])
[0x00007f65340069f0] Threads_lock - owner thread: 0x00007f6534076000
[0x00007f6534006ef0] Heap_lock - owner thread: 0x00007f653400a800

Heap
 PSYoungGen      total 72192K, used 9188K [0x00000000eaa80000, 0x00000000efa80000, 0x0000000100000000)
  eden space 62976K, 0% used [0x00000000eaa80000,0x00000000eaa80000,0x00000000ee800000)
  from space 9216K, 99% used [0x00000000ee800000,0x00000000ef0f9268,0x00000000ef100000)
  to   space 8704K, 0% used [0x00000000ef100000,0x00000000ef100000,0x00000000ef980000)
 ParOldGen       total 40960K, used 20844K [0x00000000c0000000, 0x00000000c2800000, 0x00000000eaa80000)
  object space 40960K, 50% used [0x00000000c0000000,0x00000000c145b030,0x00000000c2800000)
 PSPermGen       total 21504K, used 6275K [0x00000000b5a00000, 0x00000000b6f00000, 0x00000000c0000000)
  object space 21504K, 29% used [0x00000000b5a00000,0x00000000b6020cd8,0x00000000b6f00000)

Card table byte_map: [0x00007f653a26a000,0x00007f653a4be000] byte_map_base: 0x00007f6539cbd000

Polling page: 0x00007f653d9fd000

Code Cache  [0x00007f6531000000, 0x00007f6531270000, 0x00007f6534000000)
 total_blobs=632 nmethods=401 adapters=184 free_code_cache=47397Kb largest_free_block=48446592

Compilation events (10 events):
Event: 89.997 Thread 0x00007f65340ac800 nmethod 404 0x00007f65310ca1d0 code [0x00007f65310ca3c0, 0x00007f65310cac28]
Event: 89.997 Thread 0x00007f65340ac800  405             java.lang.AbstractStringBuilder::expandCapacity (50 bytes)
Event: 90.102 Thread 0x00007f65340ac800 nmethod 405 0x00007f65310c6650 code [0x00007f65310c67a0, 0x00007f65310c6a18]
Event: 90.102 Thread 0x00007f65340ac800  406             com.android.dx.ssa.DeadCodeRemover::run (194 bytes)
Event: 90.355 Thread 0x00007f65340a9800 nmethod 396% 0x00007f65311ab650 code [0x00007f65311aba60, 0x00007f65311ae660]
Event: 90.355 Thread 0x00007f65340a9800  407             com.android.dx.ssa.back.FirstFitLocalCombiningAllocator::handleNormalUnassociated (99 bytes)
Event: 90.459 Thread 0x00007f65340ac800 nmethod 406 0x00007f65311b6390 code [0x00007f65311b6820, 0x00007f65311b9610]
Event: 90.459 Thread 0x00007f65340ac800  408             com.android.dx.ssa.SsaMethod::makeExitBlock (134 bytes)
Event: 90.914 Thread 0x00007f65340a9800 nmethod 407 0x00007f65311c25d0 code [0x00007f65311c2b60, 0x00007f65311c5cd8]
Event: 90.914 Thread 0x00007f65340a9800  409             com.android.dx.ssa.back.SsaToRop::convertBasicBlocks (151 bytes)

GC Heap History (10 events):
Event: 3.392 GC heap after
Heap after GC invocations=2 (full 0):
 PSYoungGen      total 18432K, used 2530K [0x00000000eaa80000, 0x00000000ece80000, 0x0000000100000000)
  eden space 15872K, 0% used [0x00000000eaa80000,0x00000000eaa80000,0x00000000eba00000)
  from space 2560K, 98% used [0x00000000ebc80000,0x00000000ebef8bb8,0x00000000ebf00000)
  to   space 2560K, 0% used [0x00000000eba00000,0x00000000eba00000,0x00000000ebc80000)
 ParOldGen       total 40960K, used 2535K [0x00000000c0000000, 0x00000000c2800000, 0x00000000eaa80000)
  object space 40960K, 6% used [0x00000000c0000000,0x00000000c0279e10,0x00000000c2800000)
 PSPermGen       total 21504K, used 6031K [0x00000000b5a00000, 0x00000000b6f00000, 0x00000000c0000000)
  object space 21504K, 28% used [0x00000000b5a00000,0x00000000b5fe3c88,0x00000000b6f00000)
}
Event: 4.556 GC heap before
{Heap before GC invocations=3 (full 0):
 PSYoungGen      total 18432K, used 18402K [0x00000000eaa80000, 0x00000000ece80000, 0x0000000100000000)
  eden space 15872K, 100% used [0x00000000eaa80000,0x00000000eba00000,0x00000000eba00000)
  from space 2560K, 98% used [0x00000000ebc80000,0x00000000ebef8bb8,0x00000000ebf00000)
  to   space 2560K, 0% used [0x00000000eba00000,0x00000000eba00000,0x00000000ebc80000)
 ParOldGen       total 40960K, used 2535K [0x00000000c0000000, 0x00000000c2800000, 0x00000000eaa80000)
  object space 40960K, 6% used [0x00000000c0000000,0x00000000c0279e10,0x00000000c2800000)
 PSPermGen       total 21504K, used 6132K [0x00000000b5a00000, 0x00000000b6f00000, 0x00000000c0000000)
  object space 21504K, 28% used [0x00000000b5a00000,0x00000000b5ffd0e8,0x00000000b6f00000)
Event: 4.584 GC heap after
Heap after GC invocations=3 (full 0):
 PSYoungGen      total 18432K, used 2530K [0x00000000eaa80000, 0x00000000ece80000, 0x0000000100000000)
  eden space 15872K, 0% used [0x00000000eaa80000,0x00000000eaa80000,0x00000000eba00000)
  from space 2560K, 98% used [0x00000000eba00000,0x00000000ebc78bc8,0x00000000ebc80000)
  to   space 2560K, 0% used [0x00000000ecc00000,0x00000000ecc00000,0x00000000ece80000)
 ParOldGen       total 40960K, used 5517K [0x00000000c0000000, 0x00000000c2800000, 0x00000000eaa80000)
  object space 40960K, 13% used [0x00000000c0000000,0x00000000c0563710,0x00000000c2800000)
 PSPermGen       total 21504K, used 6132K [0x00000000b5a00000, 0x00000000b6f00000, 0x00000000c0000000)
  object space 21504K, 28% used [0x00000000b5a00000,0x00000000b5ffd0e8,0x00000000b6f00000)
}
Event: 5.874 GC heap before
{Heap before GC invocations=4 (full 0):
 PSYoungGen      total 18432K, used 18402K [0x00000000eaa80000, 0x00000000ece80000, 0x0000000100000000)
  eden space 15872K, 100% used [0x00000000eaa80000,0x00000000eba00000,0x00000000eba00000)
  from space 2560K, 98% used [0x00000000eba00000,0x00000000ebc78bc8,0x00000000ebc80000)
  to   space 2560K, 0% used [0x00000000ecc00000,0x00000000ecc00000,0x00000000ece80000)
 ParOldGen       total 40960K, used 5517K [0x00000000c0000000, 0x00000000c2800000, 0x00000000eaa80000)
  object space 40960K, 13% used [0x00000000c0000000,0x00000000c0563710,0x00000000c2800000)
 PSPermGen       total 21504K, used 6167K [0x00000000b5a00000, 0x00000000b6f00000, 0x00000000c0000000)
  object space 21504K, 28% used [0x00000000b5a00000,0x00000000b6005ee0,0x00000000b6f00000)
Event: 5.924 GC heap after
Heap after GC invocations=4 (full 0):
 PSYoungGen      total 34304K, used 2548K [0x00000000eaa80000, 0x00000000ece80000, 0x0000000100000000)
  eden space 31744K, 0% used [0x00000000eaa80000,0x00000000eaa80000,0x00000000ec980000)
  from space 2560K, 99% used [0x00000000ecc00000,0x00000000ece7d3e8,0x00000000ece80000)
  to   space 2560K, 0% used [0x00000000ec980000,0x00000000ec980000,0x00000000ecc00000)
 ParOldGen       total 40960K, used 8379K [0x00000000c0000000, 0x00000000c2800000, 0x00000000eaa80000)
  object space 40960K, 20% used [0x00000000c0000000,0x00000000c082ee18,0x00000000c2800000)
 PSPermGen       total 21504K, used 6167K [0x00000000b5a00000, 0x00000000b6f00000, 0x00000000c0000000)
  object space 21504K, 28% used [0x00000000b5a00000,0x00000000b6005ee0,0x00000000b6f00000)
}
Event: 7.872 GC heap before
{Heap before GC invocations=5 (full 0):
 PSYoungGen      total 34304K, used 34292K [0x00000000eaa80000, 0x00000000ece80000, 0x0000000100000000)
  eden space 31744K, 100% used [0x00000000eaa80000,0x00000000ec980000,0x00000000ec980000)
  from space 2560K, 99% used [0x00000000ecc00000,0x00000000ece7d3e8,0x00000000ece80000)
  to   space 2560K, 0% used [0x00000000ec980000,0x00000000ec980000,0x00000000ecc00000)
 ParOldGen       total 40960K, used 8379K [0x00000000c0000000, 0x00000000c2800000, 0x00000000eaa80000)
  object space 40960K, 20% used [0x00000000c0000000,0x00000000c082ee18,0x00000000c2800000)
 PSPermGen       total 21504K, used 6211K [0x00000000b5a00000, 0x00000000b6f00000, 0x00000000c0000000)
  object space 21504K, 28% used [0x00000000b5a00000,0x00000000b6010de8,0x00000000b6f00000)
Event: 13.684 GC heap after
Heap after GC invocations=5 (full 0):
 PSYoungGen      total 34304K, used 2530K [0x00000000eaa80000, 0x00000000ef980000, 0x0000000100000000)
  eden space 31744K, 0% used [0x00000000eaa80000,0x00000000eaa80000,0x00000000ec980000)
  from space 2560K, 98% used [0x00000000ec980000,0x00000000ecbf8ba8,0x00000000ecc00000)
  to   space 8704K, 0% used [0x00000000ef100000,0x00000000ef100000,0x00000000ef980000)
 ParOldGen       total 40960K, used 13643K [0x00000000c0000000, 0x00000000c2800000, 0x00000000eaa80000)
  object space 40960K, 33% used [0x00000000c0000000,0x00000000c0d52d70,0x00000000c2800000)
 PSPermGen       total 21504K, used 6211K [0x00000000b5a00000, 0x00000000b6f00000, 0x00000000c0000000)
  object space 21504K, 28% used [0x00000000b5a00000,0x00000000b6010de8,0x00000000b6f00000)
}
Event: 88.027 GC heap before
{Heap before GC invocations=6 (full 0):
 PSYoungGen      total 34304K, used 34274K [0x00000000eaa80000, 0x00000000ef980000, 0x0000000100000000)
  eden space 31744K, 100% used [0x00000000eaa80000,0x00000000ec980000,0x00000000ec980000)
  from space 2560K, 98% used [0x00000000ec980000,0x00000000ecbf8ba8,0x00000000ecc00000)
  to   space 8704K, 0% used [0x00000000ef100000,0x00000000ef100000,0x00000000ef980000)
 ParOldGen       total 40960K, used 13643K [0x00000000c0000000, 0x00000000c2800000, 0x00000000eaa80000)
  object space 40960K, 33% used [0x00000000c0000000,0x00000000c0d52d70,0x00000000c2800000)
 PSPermGen       total 21504K, used 6236K [0x00000000b5a00000, 0x00000000b6f00000, 0x00000000c0000000)
  object space 21504K, 29% used [0x00000000b5a00000,0x00000000b60170b0,0x00000000b6f00000)
Event: 88.111 GC heap after
Heap after GC invocations=6 (full 0):
 PSYoungGen      total 71680K, used 7471K [0x00000000eaa80000, 0x00000000efa80000, 0x0000000100000000)
  eden space 62976K, 0% used [0x00000000eaa80000,0x00000000eaa80000,0x00000000ee800000)
  from space 8704K, 85% used [0x00000000ef100000,0x00000000ef84be68,0x00000000ef980000)
  to   space 9216K, 0% used [0x00000000ee800000,0x00000000ee800000,0x00000000ef100000)
 ParOldGen       total 40960K, used 13643K [0x00000000c0000000, 0x00000000c2800000, 0x00000000eaa80000)
  object space 40960K, 33% used [0x00000000c0000000,0x00000000c0d52d70,0x00000000c2800000)
 PSPermGen       total 21504K, used 6236K [0x00000000b5a00000, 0x00000000b6f00000, 0x00000000c0000000)
  object space 21504K, 29% used [0x00000000b5a00000,0x00000000b60170b0,0x00000000b6f00000)
}
Event: 91.142 GC heap before
{Heap before GC invocations=7 (full 0):
 PSYoungGen      total 71680K, used 70447K [0x00000000eaa80000, 0x00000000efa80000, 0x0000000100000000)
  eden space 62976K, 100% used [0x00000000eaa80000,0x00000000ee800000,0x00000000ee800000)
  from space 8704K, 85% used [0x00000000ef100000,0x00000000ef84be68,0x00000000ef980000)
  to   space 9216K, 0% used [0x00000000ee800000,0x00000000ee800000,0x00000000ef100000)
 ParOldGen       total 40960K, used 13643K [0x00000000c0000000, 0x00000000c2800000, 0x00000000eaa80000)
  object space 40960K, 33% used [0x00000000c0000000,0x00000000c0d52d88,0x00000000c2800000)
 PSPermGen       total 21504K, used 6275K [0x00000000b5a00000, 0x00000000b6f00000, 0x00000000c0000000)
  object space 21504K, 29% used [0x00000000b5a00000,0x00000000b6020cd8,0x00000000b6f00000)

Deoptimization events (10 events):
Event: 5.810 Thread 0x00007f653419a800 Uncommon trap: reason=unstable_if action=reinterpret pc=0x00007f65310c7c1c method=com.android.dx.ssa.LocalVariableExtractor.processBlock(I)V @ 251
Event: 6.839 Thread 0x00007f653419c800 Uncommon trap: reason=unstable_if action=reinterpret pc=0x00007f653107a1f4 method=com.android.dx.util.IntList.binarysearch(I)I @ 105
Event: 7.800 Thread 0x00007f653419a800 Uncommon trap: reason=unstable_if action=reinterpret pc=0x00007f65310eac4c method=com.android.dx.ssa.SsaMethod.updateOneDefinition(Lcom/android/dx/ssa/SsaInsn;Lcom/android/dx/rop/code/RegisterSpec;)V @ 4
Event: 14.498 Thread 0x00007f6534199800 Uncommon trap: reason=unstable_if action=reinterpret pc=0x00007f65310e1410 method=com.android.dx.ssa.Dominators.run()V @ 346
Event: 17.988 Thread 0x00007f6534193000 Uncommon trap: reason=unstable_if action=reinterpret pc=0x00007f6531090108 method=com.android.dx.rop.code.RegisterSpec.equals(ILcom/android/dx/rop/type/TypeBearer;Lcom/android/dx/rop/code/LocalItem;)Z @ 42
Event: 89.459 Thread 0x00007f6534199800 Uncommon trap: reason=unstable_if action=reinterpret pc=0x00007f653116e0d0 method=com.android.dx.rop.code.BasicBlockList.preferredSuccessorOf(Lcom/android/dx/rop/code/BasicBlock;)Lcom/android/dx/rop/code/BasicBlock; @ 58
Event: 89.473 Thread 0x00007f653419a800 Uncommon trap: reason=class_check action=maybe_recompile pc=0x00007f6531113d68 method=com.android.dx.ssa.SCCP.replaceConstants()V @ 182
Event: 89.591 Thread 0x00007f653419a800 Uncommon trap: reason=class_check action=maybe_recompile pc=0x00007f6531113d68 method=com.android.dx.ssa.SCCP.replaceConstants()V @ 182
Event: 89.598 Thread 0x00007f6534193000 Uncommon trap: reason=bimorphic action=maybe_recompile pc=0x00007f653119090c method=com.android.dx.cf.code.BytecodeArray.parseInstruction(ILcom/android/dx/cf/code/BytecodeArray$Visitor;)I @ 2484
Event: 89.598 Thread 0x00007f6534193000 Uncommon trap: reason=bimorphic action=maybe_recompile pc=0x00007f653119090c method=com.android.dx.cf.code.BytecodeArray.parseInstruction(ILcom/android/dx/cf/code/BytecodeArray$Visitor;)I @ 2484

Internal exceptions (10 events):
Event: 1.881 Thread 0x00007f6534199800 Threw 0x00000000eab16b18 at /build/openjdk-7-1hyu6m/openjdk-7-7u91-2.6.3/build/openjdk/hotspot/src/share/vm/prims/jvm.cpp:1322
Event: 1.973 Thread 0x00007f6534199800 Threw 0x00000000eac15e00 at /build/openjdk-7-1hyu6m/openjdk-7-7u91-2.6.3/build/openjdk/hotspot/src/share/vm/prims/jvm.cpp:1322
Event: 2.037 Thread 0x00007f653400a800 Threw 0x00000000eac5bd00 at /build/openjdk-7-1hyu6m/openjdk-7-7u91-2.6.3/build/openjdk/hotspot/src/share/vm/prims/jvm.cpp:1322
Event: 2.089 Thread 0x00007f653400a800 Threw 0x00000000ead6f590 at /build/openjdk-7-1hyu6m/openjdk-7-7u91-2.6.3/build/openjdk/hotspot/src/share/vm/prims/jvm.cpp:1322
Event: 2.165 Thread 0x00007f6534193000 Threw 0x00000000eae37930 at /build/openjdk-7-1hyu6m/openjdk-7-7u91-2.6.3/build/openjdk/hotspot/src/share/vm/prims/jvm.cpp:1322
Event: 4.075 Thread 0x00007f653400a800 Threw 0x00000000eb3c0328 at /build/openjdk-7-1hyu6m/openjdk-7-7u91-2.6.3/build/openjdk/hotspot/src/share/vm/prims/jvm.cpp:1322
Event: 4.201 Thread 0x00007f653400a800 Implicit null exception at 0x00007f65310af5ff to 0x00007f65310afce9
Event: 7.744 Thread 0x00007f653419a800 Threw 0x00000000ec737af0 at /build/openjdk-7-1hyu6m/openjdk-7-7u91-2.6.3/build/openjdk/hotspot/src/share/vm/prims/jvm.cpp:1322
Event: 7.792 Thread 0x00007f653419a800 Threw 0x00000000ec7b7ee8 at /build/openjdk-7-1hyu6m/openjdk-7-7u91-2.6.3/build/openjdk/hotspot/src/share/vm/prims/jvm.cpp:1322
Event: 89.774 Thread 0x00007f653400a800 Threw 0x00000000edcaac50 at /build/openjdk-7-1hyu6m/openjdk-7-7u91-2.6.3/build/openjdk/hotspot/src/share/vm/prims/jvm.cpp:1322

Events (10 events):
Event: 89.598 Thread 0x00007f6534193000 Uncommon trap: trap_request=0xffffffc6 fr.pc=0x00007f653119090c
Event: 89.598 Thread 0x00007f6534193000 DEOPT PACKING pc=0x00007f653119090c sp=0x00007f652c825110
Event: 89.598 Thread 0x00007f6534193000 DEOPT UNPACKING pc=0x00007f6531039445 sp=0x00007f652c8250c8 mode 2
Event: 89.627 Thread 0x00007f65340a9800 flushing nmethod 0x00007f65310bcad0
Event: 89.628 Thread 0x00007f65340a9800 flushing nmethod 0x00007f65310c5f10
Event: 89.774 loading class 0x00007f6534113950
Event: 89.774 loading class 0x00007f6534113950 done
Event: 90.528 Executing VM operation: ParallelGCFailedAllocation
Event: 90.908 Executing VM operation: ParallelGCFailedAllocation done
Event: 90.915 Executing VM operation: ParallelGCSystemGC


Dynamic libraries:
00400000-00401000 r-xp 00000000 08:04 6572793                            /usr/lib/jvm/java-7-openjdk-amd64/jre/bin/java
00600000-00601000 r--p 00000000 08:04 6572793                            /usr/lib/jvm/java-7-openjdk-amd64/jre/bin/java
00601000-00602000 rw-p 00001000 08:04 6572793                            /usr/lib/jvm/java-7-openjdk-amd64/jre/bin/java
0072f000-00750000 rw-p 00000000 00:00 0                                  [heap]
b5a00000-b6f00000 rw-p 00000000 00:00 0 
b6f00000-c0000000 rw-p 00000000 00:00 0 
c0000000-c2800000 rw-p 00000000 00:00 0 
c2800000-eaa80000 rw-p 00000000 00:00 0 
eaa80000-efa80000 rw-p 00000000 00:00 0 
f4180000-100000000 rw-p 00000000 00:00 0 
7f64e8000000-7f64e8021000 rw-p 00000000 00:00 0 
7f64e8021000-7f64ec000000 ---p 00000000 00:00 0 
7f64ec000000-7f64ec021000 rw-p 00000000 00:00 0 
7f64ec021000-7f64f0000000 ---p 00000000 00:00 0 
7f64f0000000-7f64f0021000 rw-p 00000000 00:00 0 
7f64f0021000-7f64f4000000 ---p 00000000 00:00 0 
7f64f4000000-7f64f4023000 rw-p 00000000 00:00 0 
7f64f4023000-7f64f8000000 ---p 00000000 00:00 0 
7f64f8000000-7f64f8021000 rw-p 00000000 00:00 0 
7f64f8021000-7f64fc000000 ---p 00000000 00:00 0 
7f64fc000000-7f64fc03d000 rw-p 00000000 00:00 0 
7f64fc03d000-7f6500000000 ---p 00000000 00:00 0 
7f6500000000-7f65014aa000 rw-p 00000000 00:00 0 
7f65014aa000-7f6504000000 ---p 00000000 00:00 0 
7f6504000000-7f6504021000 rw-p 00000000 00:00 0 
7f6504021000-7f6508000000 ---p 00000000 00:00 0 
7f6508000000-7f6508021000 rw-p 00000000 00:00 0 
7f6508021000-7f650c000000 ---p 00000000 00:00 0 
7f650c000000-7f650d0d6000 rw-p 00000000 00:00 0 
7f650d0d6000-7f6510000000 ---p 00000000 00:00 0 
7f6510000000-7f6510021000 rw-p 00000000 00:00 0 
7f6510021000-7f6514000000 ---p 00000000 00:00 0 
7f6514000000-7f6514021000 rw-p 00000000 00:00 0 
7f6514021000-7f6518000000 ---p 00000000 00:00 0 
7f6518000000-7f6518021000 rw-p 00000000 00:00 0 
7f6518021000-7f651c000000 ---p 00000000 00:00 0 
7f651c000000-7f651c240000 rw-p 00000000 00:00 0 
7f651c240000-7f6520000000 ---p 00000000 00:00 0 
7f6520000000-7f6520024000 rw-p 00000000 00:00 0 
7f6520024000-7f6524000000 ---p 00000000 00:00 0 
7f6524000000-7f6524021000 rw-p 00000000 00:00 0 
7f6524021000-7f6528000000 ---p 00000000 00:00 0 
7f6528000000-7f6528021000 rw-p 00000000 00:00 0 
7f6528021000-7f652c000000 ---p 00000000 00:00 0 
7f652c322000-7f652c325000 ---p 00000000 00:00 0 
7f652c325000-7f652c423000 rw-p 00000000 00:00 0                          [stack:11955]
7f652c423000-7f652c426000 ---p 00000000 00:00 0 
7f652c426000-7f652c524000 rw-p 00000000 00:00 0                          [stack:11954]
7f652c524000-7f652c527000 ---p 00000000 00:00 0 
7f652c527000-7f652c625000 rw-p 00000000 00:00 0                          [stack:11953]
7f652c625000-7f652c628000 ---p 00000000 00:00 0 
7f652c628000-7f652c726000 rw-p 00000000 00:00 0                          [stack:11951]
7f652c726000-7f652c729000 ---p 00000000 00:00 0 
7f652c729000-7f652cb28000 rw-p 00000000 00:00 0                          [stack:11950]
7f652cb28000-7f652cb94000 r-xp 00000000 08:04 7358677                    /lib/x86_64-linux-gnu/libpcre.so.3.13.1
7f652cb94000-7f652cd93000 ---p 0006c000 08:04 7358677                    /lib/x86_64-linux-gnu/libpcre.so.3.13.1
7f652cd93000-7f652cd94000 r--p 0006b000 08:04 7358677                    /lib/x86_64-linux-gnu/libpcre.so.3.13.1
7f652cd94000-7f652cd95000 rw-p 0006c000 08:04 7358677                    /lib/x86_64-linux-gnu/libpcre.so.3.13.1
7f652cd95000-7f652cd9c000 r-xp 00000000 08:04 6574895                    /usr/lib/x86_64-linux-gnu/libffi.so.6.0.4
7f652cd9c000-7f652cf9b000 ---p 00007000 08:04 6574895                    /usr/lib/x86_64-linux-gnu/libffi.so.6.0.4
7f652cf9b000-7f652cf9c000 r--p 00006000 08:04 6574895                    /usr/lib/x86_64-linux-gnu/libffi.so.6.0.4
7f652cf9c000-7f652cf9d000 rw-p 00007000 08:04 6574895                    /usr/lib/x86_64-linux-gnu/libffi.so.6.0.4
7f652cf9d000-7f652cfb4000 r-xp 00000000 08:04 7358752                    /lib/x86_64-linux-gnu/libresolv-2.21.so
7f652cfb4000-7f652d1b4000 ---p 00017000 08:04 7358752                    /lib/x86_64-linux-gnu/libresolv-2.21.so
7f652d1b4000-7f652d1b6000 r--p 00017000 08:04 7358752                    /lib/x86_64-linux-gnu/libresolv-2.21.so
7f652d1b6000-7f652d1b7000 rw-p 00019000 08:04 7358752                    /lib/x86_64-linux-gnu/libresolv-2.21.so
7f652d1b7000-7f652d1b9000 rw-p 00000000 00:00 0 
7f652d1b9000-7f652d1da000 r-xp 00000000 08:04 7358756                    /lib/x86_64-linux-gnu/libselinux.so.1
7f652d1da000-7f652d3d9000 ---p 00021000 08:04 7358756                    /lib/x86_64-linux-gnu/libselinux.so.1
7f652d3d9000-7f652d3da000 r--p 00020000 08:04 7358756                    /lib/x86_64-linux-gnu/libselinux.so.1
7f652d3da000-7f652d3db000 rw-p 00021000 08:04 7358756                    /lib/x86_64-linux-gnu/libselinux.so.1
7f652d3db000-7f652d3dd000 rw-p 00000000 00:00 0 
7f652d3dd000-7f652d3e0000 r-xp 00000000 08:04 6566823                    /usr/lib/x86_64-linux-gnu/libgmodule-2.0.so.0.4400.1
7f652d3e0000-7f652d5df000 ---p 00003000 08:04 6566823                    /usr/lib/x86_64-linux-gnu/libgmodule-2.0.so.0.4400.1
7f652d5df000-7f652d5e0000 r--p 00002000 08:04 6566823                    /usr/lib/x86_64-linux-gnu/libgmodule-2.0.so.0.4400.1
7f652d5e0000-7f652d5e1000 rw-p 00003000 08:04 6566823                    /usr/lib/x86_64-linux-gnu/libgmodule-2.0.so.0.4400.1
7f652d5e1000-7f652d6ee000 r-xp 00000000 08:04 7358517                    /lib/x86_64-linux-gnu/libglib-2.0.so.0.4400.1
7f652d6ee000-7f652d8ed000 ---p 0010d000 08:04 7358517                    /lib/x86_64-linux-gnu/libglib-2.0.so.0.4400.1
7f652d8ed000-7f652d8ee000 r--p 0010c000 08:04 7358517                    /lib/x86_64-linux-gnu/libglib-2.0.so.0.4400.1
7f652d8ee000-7f652d8ef000 rw-p 0010d000 08:04 7358517                    /lib/x86_64-linux-gnu/libglib-2.0.so.0.4400.1
7f652d8ef000-7f652d8f0000 rw-p 00000000 00:00 0 
7f652d8f0000-7f652d940000 r-xp 00000000 08:04 6566783                    /usr/lib/x86_64-linux-gnu/libgobject-2.0.so.0.4400.1
7f652d940000-7f652db40000 ---p 00050000 08:04 6566783                    /usr/lib/x86_64-linux-gnu/libgobject-2.0.so.0.4400.1
7f652db40000-7f652db41000 r--p 00050000 08:04 6566783                    /usr/lib/x86_64-linux-gnu/libgobject-2.0.so.0.4400.1
7f652db41000-7f652db42000 rw-p 00051000 08:04 6566783                    /usr/lib/x86_64-linux-gnu/libgobject-2.0.so.0.4400.1
7f652db42000-7f652dcba000 r-xp 00000000 08:04 6566805                    /usr/lib/x86_64-linux-gnu/libgio-2.0.so.0.4400.1
7f652dcba000-7f652deba000 ---p 00178000 08:04 6566805                    /usr/lib/x86_64-linux-gnu/libgio-2.0.so.0.4400.1
7f652deba000-7f652debe000 r--p 00178000 08:04 6566805                    /usr/lib/x86_64-linux-gnu/libgio-2.0.so.0.4400.1
7f652debe000-7f652dec0000 rw-p 0017c000 08:04 6566805                    /usr/lib/x86_64-linux-gnu/libgio-2.0.so.0.4400.1
7f652dec0000-7f652dec2000 rw-p 00000000 00:00 0 
7f652dec2000-7f652deda000 r-xp 00000000 08:04 6572848                    /usr/lib/jvm/java-7-openjdk-amd64/jre/lib/amd64/libnet.so
7f652deda000-7f652e0d9000 ---p 00018000 08:04 6572848                    /usr/lib/jvm/java-7-openjdk-amd64/jre/lib/amd64/libnet.so
7f652e0d9000-7f652e0da000 r--p 00017000 08:04 6572848                    /usr/lib/jvm/java-7-openjdk-amd64/jre/lib/amd64/libnet.so
7f652e0da000-7f652e0db000 rw-p 00018000 08:04 6572848                    /usr/lib/jvm/java-7-openjdk-amd64/jre/lib/amd64/libnet.so
7f652e0db000-7f652e0ec000 r-xp 00000000 08:04 6572818                    /usr/lib/jvm/java-7-openjdk-amd64/jre/lib/amd64/libnio.so
7f652e0ec000-7f652e2eb000 ---p 00011000 08:04 6572818                    /usr/lib/jvm/java-7-openjdk-amd64/jre/lib/amd64/libnio.so
7f652e2eb000-7f652e2ec000 r--p 00010000 08:04 6572818                    /usr/lib/jvm/java-7-openjdk-amd64/jre/lib/amd64/libnio.so
7f652e2ec000-7f652e2ed000 rw-p 00011000 08:04 6572818                    /usr/lib/jvm/java-7-openjdk-amd64/jre/lib/amd64/libnio.so
7f652e2ed000-7f652e2ee000 ---p 00000000 00:00 0 
7f652e2ee000-7f652e3ee000 rw-p 00000000 00:00 0                          [stack:11937]
7f652e3ee000-7f652ead0000 r--p 00000000 08:04 6573633                    /usr/lib/locale/locale-archive
7f652ead0000-7f6531000000 rw-p 00000000 00:00 0 
7f6531000000-7f6531270000 rwxp 00000000 00:00 0 
7f6531270000-7f65341ce000 rw-p 00000000 00:00 0 
7f65341ce000-7f6538000000 ---p 00000000 00:00 0 
7f65380a2000-7f65380ac000 r--s 00085000 08:04 14448906                   /home/shubhanshu/AndroidStudioProjects/MyApplication7/app/build/intermediates/exploded-aar/com.android.support/appcompat-v7/22.2.1/jars/classes.jar
7f65380ac000-7f65380bb000 r--s 000df000 08:04 14979628                   /home/shubhanshu/Android/Sdk/build-tools/23.0.2/lib/dx.jar
7f65380bb000-7f65380be000 ---p 00000000 00:00 0 
7f65380be000-7f65381bc000 rw-p 00000000 00:00 0                          [stack:11936]
7f65381bc000-7f65381bf000 ---p 00000000 00:00 0 
7f65381bf000-7f65382bd000 rw-p 00000000 00:00 0                          [stack:11933]
7f65382bd000-7f65382c0000 ---p 00000000 00:00 0 
7f65382c0000-7f65383be000 rw-p 00000000 00:00 0                          [stack:11925]
7f65383be000-7f65383c1000 ---p 00000000 00:00 0 
7f65383c1000-7f65384bf000 rw-p 00000000 00:00 0                          [stack:11918]
7f65384bf000-7f65384c2000 ---p 00000000 00:00 0 
7f65384c2000-7f65385c0000 rw-p 00000000 00:00 0                          [stack:11914]
7f65385c0000-7f65385c3000 ---p 00000000 00:00 0 
7f65385c3000-7f65386c1000 rw-p 00000000 00:00 0                          [stack:11912]
7f65386c1000-7f65386c2000 ---p 00000000 00:00 0 
7f65386c2000-7f65397bf000 rw-p 00000000 00:00 0                          [stack:11907]
7f65397bf000-7f6539971000 r--s 01d2e000 08:04 6572812                    /usr/lib/jvm/java-7-openjdk-amd64/jre/lib/rt.jar
7f6539971000-7f6539cbd000 rw-p 00000000 00:00 0 
7f6539cbd000-7f6539cbe000 ---p 00000000 00:00 0 
7f6539cbe000-7f6539dbe000 rw-p 00000000 00:00 0                          [stack:11893]
7f6539dbe000-7f6539dbf000 ---p 00000000 00:00 0 
7f6539dbf000-7f6539ebf000 rw-p 00000000 00:00 0                          [stack:11892]
7f6539ebf000-7f6539ec0000 ---p 00000000 00:00 0 
7f6539ec0000-7f6539fc0000 rw-p 00000000 00:00 0                          [stack:11891]
7f6539fc0000-7f6539fc1000 ---p 00000000 00:00 0 
7f6539fc1000-7f653a0cc000 rw-p 00000000 00:00 0                          [stack:11890]
7f653a0cc000-7f653a114000 rw-p 00000000 00:00 0 
7f653a114000-7f653a128000 rw-p 00000000 00:00 0 
7f653a128000-7f653a26a000 rw-p 00000000 00:00 0 
7f653a26a000-7f653a275000 rw-p 00000000 00:00 0 
7f653a275000-7f653a2bd000 rw-p 00000000 00:00 0 
7f653a2bd000-7f653a2d1000 rw-p 00000000 00:00 0 
7f653a2d1000-7f653a412000 rw-p 00000000 00:00 0 
7f653a412000-7f653a43b000 rw-p 00000000 00:00 0 
7f653a43b000-7f653a4bd000 rw-p 00000000 00:00 0 
7f653a4bd000-7f653a4be000 rw-p 00000000 00:00 0 
7f653a4be000-7f653a4c6000 r-xp 00000000 08:04 6572822                    /usr/lib/jvm/java-7-openjdk-amd64/jre/lib/amd64/libzip.so
7f653a4c6000-7f653a6c5000 ---p 00008000 08:04 6572822                    /usr/lib/jvm/java-7-openjdk-amd64/jre/lib/amd64/libzip.so
7f653a6c5000-7f653a6c6000 r--p 00007000 08:04 6572822                    /usr/lib/jvm/java-7-openjdk-amd64/jre/lib/amd64/libzip.so
7f653a6c6000-7f653a6c7000 rw-p 00008000 08:04 6572822                    /usr/lib/jvm/java-7-openjdk-amd64/jre/lib/amd64/libzip.so
7f653a6c7000-7f653a6d3000 r-xp 00000000 08:04 7358699                    /lib/x86_64-linux-gnu/libnss_files-2.21.so
7f653a6d3000-7f653a8d2000 ---p 0000c000 08:04 7358699                    /lib/x86_64-linux-gnu/libnss_files-2.21.so
7f653a8d2000-7f653a8d3000 r--p 0000b000 08:04 7358699                    /lib/x86_64-linux-gnu/libnss_files-2.21.so
7f653a8d3000-7f653a8d4000 rw-p 0000c000 08:04 7358699                    /lib/x86_64-linux-gnu/libnss_files-2.21.so
7f653a8d4000-7f653a8df000 r-xp 00000000 08:04 7358709                    /lib/x86_64-linux-gnu/libnss_nis-2.21.so
7f653a8df000-7f653aade000 ---p 0000b000 08:04 7358709                    /lib/x86_64-linux-gnu/libnss_nis-2.21.so
7f653aade000-7f653aadf000 r--p 0000a000 08:04 7358709                    /lib/x86_64-linux-gnu/libnss_nis-2.21.so
7f653aadf000-7f653aae0000 rw-p 0000b000 08:04 7358709                    /lib/x86_64-linux-gnu/libnss_nis-2.21.so
7f653aae0000-7f653aaf7000 r-xp 00000000 08:04 7358693                    /lib/x86_64-linux-gnu/libnsl-2.21.so
7f653aaf7000-7f653acf6000 ---p 00017000 08:04 7358693                    /lib/x86_64-linux-gnu/libnsl-2.21.so
7f653acf6000-7f653acf7000 r--p 00016000 08:04 7358693                    /lib/x86_64-linux-gnu/libnsl-2.21.so
7f653acf7000-7f653acf8000 rw-p 00017000 08:04 7358693                    /lib/x86_64-linux-gnu/libnsl-2.21.so
7f653acf8000-7f653acfa000 rw-p 00000000 00:00 0 
7f653acfa000-7f653ad02000 r-xp 00000000 08:04 7358695                    /lib/x86_64-linux-gnu/libnss_compat-2.21.so
7f653ad02000-7f653af01000 ---p 00008000 08:04 7358695                    /lib/x86_64-linux-gnu/libnss_compat-2.21.so
7f653af01000-7f653af02000 r--p 00007000 08:04 7358695                    /lib/x86_64-linux-gnu/libnss_compat-2.21.so
7f653af02000-7f653af03000 rw-p 00008000 08:04 7358695                    /lib/x86_64-linux-gnu/libnss_compat-2.21.so
7f653af03000-7f653af30000 r-xp 00000000 08:04 6572830                    /usr/lib/jvm/java-7-openjdk-amd64/jre/lib/amd64/libjava.so
7f653af30000-7f653b12f000 ---p 0002d000 08:04 6572830                    /usr/lib/jvm/java-7-openjdk-amd64/jre/lib/amd64/libjava.so
7f653b12f000-7f653b130000 r--p 0002c000 08:04 6572830                    /usr/lib/jvm/java-7-openjdk-amd64/jre/lib/amd64/libjava.so
7f653b130000-7f653b132000 rw-p 0002d000 08:04 6572830                    /usr/lib/jvm/java-7-openjdk-amd64/jre/lib/amd64/libjava.so
7f653b132000-7f653b141000 r-xp 00000000 08:04 6572844                    /usr/lib/jvm/java-7-openjdk-amd64/jre/lib/amd64/libverify.so
7f653b141000-7f653b340000 ---p 0000f000 08:04 6572844                    /usr/lib/jvm/java-7-openjdk-amd64/jre/lib/amd64/libverify.so
7f653b340000-7f653b343000 r--p 0000e000 08:04 6572844                    /usr/lib/jvm/java-7-openjdk-amd64/jre/lib/amd64/libverify.so
7f653b343000-7f653b344000 rw-p 00011000 08:04 6572844                    /usr/lib/jvm/java-7-openjdk-amd64/jre/lib/amd64/libverify.so
7f653b344000-7f653b34b000 r-xp 00000000 08:04 7358754                    /lib/x86_64-linux-gnu/librt-2.21.so
7f653b34b000-7f653b54a000 ---p 00007000 08:04 7358754                    /lib/x86_64-linux-gnu/librt-2.21.so
7f653b54a000-7f653b54b000 r--p 00006000 08:04 7358754                    /lib/x86_64-linux-gnu/librt-2.21.so
7f653b54b000-7f653b54c000 rw-p 00007000 08:04 7358754                    /lib/x86_64-linux-gnu/librt-2.21.so
7f653b54c000-7f653b562000 r-xp 00000000 08:04 7358563                    /lib/x86_64-linux-gnu/libgcc_s.so.1
7f653b562000-7f653b761000 ---p 00016000 08:04 7358563                    /lib/x86_64-linux-gnu/libgcc_s.so.1
7f653b761000-7f653b762000 rw-p 00015000 08:04 7358563                    /lib/x86_64-linux-gnu/libgcc_s.so.1
7f653b762000-7f653b869000 r-xp 00000000 08:04 7358672                    /lib/x86_64-linux-gnu/libm-2.21.so
7f653b869000-7f653ba68000 ---p 00107000 08:04 7358672                    /lib/x86_64-linux-gnu/libm-2.21.so
7f653ba68000-7f653ba69000 r--p 00106000 08:04 7358672                    /lib/x86_64-linux-gnu/libm-2.21.so
7f653ba69000-7f653ba6a000 rw-p 00107000 08:04 7358672                    /lib/x86_64-linux-gnu/libm-2.21.so
7f653ba6a000-7f653bb5a000 r-xp 00000000 08:04 6575568                    /usr/lib/x86_64-linux-gnu/libstdc++.so.6.0.20
7f653bb5a000-7f653bd5a000 ---p 000f0000 08:04 6575568                    /usr/lib/x86_64-linux-gnu/libstdc++.so.6.0.20
7f653bd5a000-7f653bd62000 r--p 000f0000 08:04 6575568                    /usr/lib/x86_64-linux-gnu/libstdc++.so.6.0.20
7f653bd62000-7f653bd64000 rw-p 000f8000 08:04 6575568                    /usr/lib/x86_64-linux-gnu/libstdc++.so.6.0.20
7f653bd64000-7f653bd79000 rw-p 00000000 00:00 0 
7f653bd79000-7f653c8d9000 r-xp 00000000 08:04 6572836                    /usr/lib/jvm/java-7-openjdk-amd64/jre/lib/amd64/server/libjvm.so
7f653c8d9000-7f653cad9000 ---p 00b60000 08:04 6572836                    /usr/lib/jvm/java-7-openjdk-amd64/jre/lib/amd64/server/libjvm.so
7f653cad9000-7f653cb78000 r--p 00b60000 08:04 6572836                    /usr/lib/jvm/java-7-openjdk-amd64/jre/lib/amd64/server/libjvm.so
7f653cb78000-7f653cb9b000 rw-p 00bff000 08:04 6572836                    /usr/lib/jvm/java-7-openjdk-amd64/jre/lib/amd64/server/libjvm.so
7f653cb9b000-7f653cbc8000 rw-p 00000000 00:00 0 
7f653cbc8000-7f653cbe1000 r-xp 00000000 08:04 7358787                    /lib/x86_64-linux-gnu/libz.so.1.2.8
7f653cbe1000-7f653cde1000 ---p 00019000 08:04 7358787                    /lib/x86_64-linux-gnu/libz.so.1.2.8
7f653cde1000-7f653cde2000 r--p 00019000 08:04 7358787                    /lib/x86_64-linux-gnu/libz.so.1.2.8
7f653cde2000-7f653cde3000 rw-p 0001a000 08:04 7358787                    /lib/x86_64-linux-gnu/libz.so.1.2.8
7f653cde3000-7f653cdfb000 r-xp 00000000 08:04 7358746                    /lib/x86_64-linux-gnu/libpthread-2.21.so
7f653cdfb000-7f653cffb000 ---p 00018000 08:04 7358746                    /lib/x86_64-linux-gnu/libpthread-2.21.so
7f653cffb000-7f653cffc000 r--p 00018000 08:04 7358746                    /lib/x86_64-linux-gnu/libpthread-2.21.so
7f653cffc000-7f653cffd000 rw-p 00019000 08:04 7358746                    /lib/x86_64-linux-gnu/libpthread-2.21.so
7f653cffd000-7f653d001000 rw-p 00000000 00:00 0 
7f653d001000-7f653d004000 r-xp 00000000 08:04 7358630                    /lib/x86_64-linux-gnu/libdl-2.21.so
7f653d004000-7f653d203000 ---p 00003000 08:04 7358630                    /lib/x86_64-linux-gnu/libdl-2.21.so
7f653d203000-7f653d204000 r--p 00002000 08:04 7358630                    /lib/x86_64-linux-gnu/libdl-2.21.so
7f653d204000-7f653d205000 rw-p 00003000 08:04 7358630                    /lib/x86_64-linux-gnu/libdl-2.21.so
7f653d205000-7f653d3c5000 r-xp 00000000 08:04 7358613                    /lib/x86_64-linux-gnu/libc-2.21.so
7f653d3c5000-7f653d5c5000 ---p 001c0000 08:04 7358613                    /lib/x86_64-linux-gnu/libc-2.21.so
7f653d5c5000-7f653d5c9000 r--p 001c0000 08:04 7358613                    /lib/x86_64-linux-gnu/libc-2.21.so
7f653d5c9000-7f653d5cb000 rw-p 001c4000 08:04 7358613                    /lib/x86_64-linux-gnu/libc-2.21.so
7f653d5cb000-7f653d5cf000 rw-p 00000000 00:00 0 
7f653d5cf000-7f653d5dc000 r-xp 00000000 08:04 6572845                    /usr/lib/jvm/java-7-openjdk-amd64/jre/lib/amd64/jli/libjli.so
7f653d5dc000-7f653d7db000 ---p 0000d000 08:04 6572845                    /usr/lib/jvm/java-7-openjdk-amd64/jre/lib/amd64/jli/libjli.so
7f653d7db000-7f653d7dc000 r--p 0000c000 08:04 6572845                    /usr/lib/jvm/java-7-openjdk-amd64/jre/lib/amd64/jli/libjli.so
7f653d7dc000-7f653d7dd000 rw-p 0000d000 08:04 6572845                    /usr/lib/jvm/java-7-openjdk-amd64/jre/lib/amd64/jli/libjli.so
7f653d7dd000-7f653d801000 r-xp 00000000 08:04 7358585                    /lib/x86_64-linux-gnu/ld-2.21.so
7f653d801000-7f653d802000 rw-p 00000000 00:00 0 
7f653d802000-7f653d806000 r--s 00085000 08:04 6572805                    /usr/lib/jvm/java-7-openjdk-amd64/jre/lib/ext/localedata.jar
7f653d806000-7f653d828000 rw-p 00000000 00:00 0 
7f653d828000-7f653d8de000 rw-p 00000000 00:00 0 
7f653d8de000-7f653d8e1000 ---p 00000000 00:00 0 
7f653d8e1000-7f653d9e4000 rw-p 00000000 00:00 0                          [stack:11888]
7f653d9e4000-7f653d9e5000 r--s 00002000 08:04 6572809                    /usr/lib/jvm/java-7-openjdk-amd64/jre/lib/ext/dnsns.jar
7f653d9e5000-7f653d9e7000 r--s 00006000 08:04 7104393                    /usr/share/java/java-atk-wrapper.jar
7f653d9e7000-7f653d9ea000 r--s 0000f000 08:04 6572806                    /usr/lib/jvm/java-7-openjdk-amd64/jre/lib/ext/icedtea-sound.jar
7f653d9ea000-7f653d9ee000 r--s 0003c000 08:04 6572808                    /usr/lib/jvm/java-7-openjdk-amd64/jre/lib/ext/sunpkcs11.jar
7f653d9ee000-7f653d9f2000 r--s 00034000 08:04 6572807                    /usr/lib/jvm/java-7-openjdk-amd64/jre/lib/ext/sunjce_provider.jar
7f653d9f2000-7f653d9f4000 r--s 00012000 08:04 6572804                    /usr/lib/jvm/java-7-openjdk-amd64/jre/lib/ext/zipfs.jar
7f653d9f4000-7f653d9fc000 rw-s 00000000 08:04 10903474                   /tmp/hsperfdata_shubhanshu/11869
7f653d9fc000-7f653d9fd000 rw-p 00000000 00:00 0 
7f653d9fd000-7f653d9fe000 ---p 00000000 00:00 0 
7f653d9fe000-7f653da00000 rw-p 00000000 00:00 0 
7f653da00000-7f653da01000 r--p 00023000 08:04 7358585                    /lib/x86_64-linux-gnu/ld-2.21.so
7f653da01000-7f653da02000 rw-p 00024000 08:04 7358585                    /lib/x86_64-linux-gnu/ld-2.21.so
7f653da02000-7f653da03000 rw-p 00000000 00:00 0 
7ffed4187000-7ffed41a8000 rw-p 00000000 00:00 0                          [stack]
7ffed41d9000-7ffed41db000 r--p 00000000 00:00 0                          [vvar]
7ffed41db000-7ffed41dd000 r-xp 00000000 00:00 0                          [vdso]
ffffffffff600000-ffffffffff601000 r-xp 00000000 00:00 0                  [vsyscall]

VM Arguments:
jvm_args: -Djava.awt.headless=true -Xmx1024M -Dfile.encoding=UTF-8 -Duser.country=IN -Duser.language=en -Duser.variant 
java_command: com.android.dx.command.Main --dex --num-threads=4 --output /home/shubhanshu/AndroidStudioProjects/MyApplication7/app/build/intermediates/pre-dexed/debug/com.android.support-appcompat-v7-22.2.1_59d71cf04e662ca825ca4e482866ea2c7c257794.jar /home/shubhanshu/AndroidStudioProjects/MyApplication7/app/build/intermediates/exploded-aar/com.android.support/appcompat-v7/22.2.1/jars/classes.jar
Launcher Type: SUN_STANDARD

Environment Variables:
PATH=/usr/local/sbin:/usr/local/bin:/usr/sbin:/usr/bin:/sbin:/bin:/usr/games:/usr/local/games
SHELL=/bin/bash
DISPLAY=:0

Signal Handlers:
SIGSEGV: [libjvm.so+0x992590], sa_mask[0]=0x7ffbfeff, sa_flags=0x10000004
SIGBUS: [libjvm.so+0x992590], sa_mask[0]=0x7ffbfeff, sa_flags=0x10000004
SIGFPE: [libjvm.so+0x7fec60], sa_mask[0]=0x7ffbfeff, sa_flags=0x10000004
SIGPIPE: [libjvm.so+0x7fec60], sa_mask[0]=0x7ffbfeff, sa_flags=0x10000004
SIGXFSZ: [libjvm.so+0x7fec60], sa_mask[0]=0x7ffbfeff, sa_flags=0x10000004
SIGILL: [libjvm.so+0x7fec60], sa_mask[0]=0x7ffbfeff, sa_flags=0x10000004
SIGUSR1: SIG_DFL, sa_mask[0]=0x00000000, sa_flags=0x00000000
SIGUSR2: [libjvm.so+0x7feae0], sa_mask[0]=0x00000004, sa_flags=0x10000004
SIGHUP: [libjvm.so+0x7fece0], sa_mask[0]=0x7ffbfeff, sa_flags=0x10000004
SIGINT: [libjvm.so+0x7fece0], sa_mask[0]=0x7ffbfeff, sa_flags=0x10000004
SIGTERM: [libjvm.so+0x7fece0], sa_mask[0]=0x7ffbfeff, sa_flags=0x10000004
SIGQUIT: [libjvm.so+0x7fece0], sa_mask[0]=0x7ffbfeff, sa_flags=0x10000004
SIGTRAP: SIG_DFL, sa_mask[0]=0x00000000, sa_flags=0x00000000


---------------  S Y S T E M  ---------------

OS:Ubuntu 15.04 (vivid)
uname:Linux 3.19.0-47-generic #53-Ubuntu SMP Mon Jan 18 14:02:48 UTC 2016 x86_64
libc:glibc 2.21 NPTL 2.21 
rlimit: STACK 8192k, CORE 0k, NPROC 15404, NOFILE 65536, AS infinity
load average:38.37 17.77 8.19

/proc/meminfo:
MemTotal:        3965776 kB
MemFree:          116020 kB
MemAvailable:      55908 kB
Buffers:             356 kB
Cached:           335556 kB
SwapCached:            0 kB
Active:          3393964 kB
Inactive:         290908 kB
Active(anon):    3391560 kB
Inactive(anon):   276196 kB
Active(file):       2404 kB
Inactive(file):    14712 kB
Unevictable:          32 kB
Mlocked:              32 kB
SwapTotal:             0 kB
SwapFree:              0 kB
Dirty:               184 kB
Writeback:             0 kB
AnonPages:       3349836 kB
Mapped:            82968 kB
Shmem:            317952 kB
Slab:              65096 kB
SReclaimable:      31580 kB
SUnreclaim:        33516 kB
KernelStack:        9296 kB
PageTables:        35136 kB
NFS_Unstable:          0 kB
Bounce:                0 kB
WritebackTmp:          0 kB
CommitLimit:     1982888 kB
Committed_AS:    6970492 kB
VmallocTotal:   34359738367 kB
VmallocUsed:      550640 kB
VmallocChunk:   34359177180 kB
HardwareCorrupted:     0 kB
AnonHugePages:   2246656 kB
CmaTotal:              0 kB
CmaFree:               0 kB
HugePages_Total:       0
HugePages_Free:        0
HugePages_Rsvd:        0
HugePages_Surp:        0
Hugepagesize:       2048 kB
DirectMap4k:      152640 kB
DirectMap2M:     3960832 kB
DirectMap1G:     1048576 kB


CPU:total 4 (2 cores per cpu, 2 threads per core) family 6 model 61 stepping 4, cmov, cx8, fxsr, mmx, sse, sse2, sse3, ssse3, sse4.1, sse4.2, popcnt, avx, avx2, aes, erms, ht, tsc, tscinvbit

/proc/cpuinfo:
processor	: 0
vendor_id	: GenuineIntel
cpu family	: 6
model		: 61
model name	: Intel(R) Core(TM) i5-5200U CPU @ 2.20GHz
stepping	: 4
microcode	: 0x12
cpu MHz		: 1699.929
cache size	: 3072 KB
physical id	: 0
siblings	: 4
core id		: 0
cpu cores	: 2
apicid		: 0
initial apicid	: 0
fpu		: yes
fpu_exception	: yes
cpuid level	: 20
wp		: yes
flags		: fpu vme de pse tsc msr pae mce cx8 apic sep mtrr pge mca cmov pat pse36 clflush dts acpi mmx fxsr sse sse2 ss ht tm pbe syscall nx pdpe1gb rdtscp lm constant_tsc arch_perfmon pebs bts rep_good nopl xtopology nonstop_tsc aperfmperf eagerfpu pni pclmulqdq dtes64 monitor ds_cpl vmx est tm2 ssse3 fma cx16 xtpr pdcm pcid sse4_1 sse4_2 x2apic movbe popcnt tsc_deadline_timer aes xsave avx f16c rdrand lahf_lm abm 3dnowprefetch ida arat epb pln pts dtherm tpr_shadow vnmi flexpriority ept vpid fsgsbase tsc_adjust bmi1 avx2 smep bmi2 erms invpcid rdseed adx smap xsaveopt
bugs		:
bogomips	: 4389.87
clflush size	: 64
cache_alignment	: 64
address sizes	: 39 bits physical, 48 bits virtual
power management:

processor	: 1
vendor_id	: GenuineIntel
cpu family	: 6
model		: 61
model name	: Intel(R) Core(TM) i5-5200U CPU @ 2.20GHz
stepping	: 4
microcode	: 0x12
cpu MHz		: 1669.937
cache size	: 3072 KB
physical id	: 0
siblings	: 4
core id		: 1
cpu cores	: 2
apicid		: 2
initial apicid	: 2
fpu		: yes
fpu_exception	: yes
cpuid level	: 20
wp		: yes
flags		: fpu vme de pse tsc msr pae mce cx8 apic sep mtrr pge mca cmov pat pse36 clflush dts acpi mmx fxsr sse sse2 ss ht tm pbe syscall nx pdpe1gb rdtscp lm constant_tsc arch_perfmon pebs bts rep_good nopl xtopology nonstop_tsc aperfmperf eagerfpu pni pclmulqdq dtes64 monitor ds_cpl vmx est tm2 ssse3 fma cx16 xtpr pdcm pcid sse4_1 sse4_2 x2apic movbe popcnt tsc_deadline_timer aes xsave avx f16c rdrand lahf_lm abm 3dnowprefetch ida arat epb pln pts dtherm tpr_shadow vnmi flexpriority ept vpid fsgsbase tsc_adjust bmi1 avx2 smep bmi2 erms invpcid rdseed adx smap xsaveopt
bugs		:
bogomips	: 4389.87
clflush size	: 64
cache_alignment	: 64
address sizes	: 39 bits physical, 48 bits virtual
power management:

processor	: 2
vendor_id	: GenuineIntel
cpu family	: 6
model		: 61
model name	: Intel(R) Core(TM) i5-5200U CPU @ 2.20GHz
stepping	: 4
microcode	: 0x12
cpu MHz		: 790.195
cache size	: 3072 KB
physical id	: 0
siblings	: 4
core id		: 0
cpu cores	: 2
apicid		: 1
initial apicid	: 1
fpu		: yes
fpu_exception	: yes
cpuid level	: 20
wp		: yes
flags		: fpu vme de pse tsc msr pae mce cx8 apic sep mtrr pge mca cmov pat pse36 clflush dts acpi mmx fxsr sse sse2 ss ht tm pbe syscall nx pdpe1gb rdtscp lm constant_tsc arch_perfmon pebs bts rep_good nopl xtopology nonstop_tsc aperfmperf eagerfpu pni pclmulqdq dtes64 monitor ds_cpl vmx est tm2 ssse3 fma cx16 xtpr pdcm pcid sse4_1 sse4_2 x2apic movbe popcnt tsc_deadline_timer aes xsave avx f16c rdrand lahf_lm abm 3dnowprefetch ida arat epb pln pts dtherm tpr_shadow vnmi flexpriority ept vpid fsgsbase tsc_adjust bmi1 avx2 smep bmi2 erms invpcid rdseed adx smap xsaveopt
bugs		:
bogomips	: 4389.87
clflush size	: 64
cache_alignment	: 64
address sizes	: 39 bits physical, 48 bits virtual
power management:

processor	: 3
vendor_id	: GenuineIntel
cpu family	: 6
model		: 61
model name	: Intel(R) Core(TM) i5-5200U CPU @ 2.20GHz
stepping	: 4
microcode	: 0x12
cpu MHz		: 799.046
cache size	: 3072 KB
physical id	: 0
siblings	: 4
core id		: 1
cpu cores	: 2
apicid		: 3
initial apicid	: 3
fpu		: yes
fpu_exception	: yes
cpuid level	: 20
wp		: yes
flags		: fpu vme de pse tsc msr pae mce cx8 apic sep mtrr pge mca cmov pat pse36 clflush dts acpi mmx fxsr sse sse2 ss ht tm pbe syscall nx pdpe1gb rdtscp lm constant_tsc arch_perfmon pebs bts rep_good nopl xtopology nonstop_tsc aperfmperf eagerfpu pni pclmulqdq dtes64 monitor ds_cpl vmx est tm2 ssse3 fma cx16 xtpr pdcm pcid sse4_1 sse4_2 x2apic movbe popcnt tsc_deadline_timer aes xsave avx f16c rdrand lahf_lm abm 3dnowprefetch ida arat epb pln pts dtherm tpr_shadow vnmi flexpriority ept vpid fsgsbase tsc_adjust bmi1 avx2 smep bmi2 erms invpcid rdseed adx smap xsaveopt
bugs		:
bogomips	: 4389.87
clflush size	: 64
cache_alignment	: 64
address sizes	: 39 bits physical, 48 bits virtual
power management:



Memory: 4k page, physical 3965776k(116020k free), swap 0k(0k free)

vm_info: OpenJDK 64-Bit Server VM (24.91-b01) for linux-amd64 JRE (1.7.0_91-b02), built on Nov 19 2015 06:08:55 by "buildd" with gcc 4.9.2

time: Sat Sep  3 18:32:57 2016
elapsed time: 105 seconds

